mode: atomic
github.com/mattevans/obscura/config.go:30.38,31.25 1 1
github.com/mattevans/obscura/config.go:31.25,31.65 1 1
github.com/mattevans/obscura/config.go:35.43,36.25 1 0
github.com/mattevans/obscura/config.go:36.25,36.69 1 0
github.com/mattevans/obscura/config.go:40.52,41.25 1 0
github.com/mattevans/obscura/config.go:41.25,41.59 1 0
github.com/mattevans/obscura/config.go:46.34,47.25 1 0
github.com/mattevans/obscura/config.go:47.25,47.61 1 0
github.com/mattevans/obscura/config.go:51.45,52.25 1 0
github.com/mattevans/obscura/config.go:52.25,52.65 1 0
github.com/mattevans/obscura/config.go:56.44,57.25 1 0
github.com/mattevans/obscura/config.go:57.25,57.63 1 0
github.com/mattevans/obscura/config.go:61.45,62.25 1 0
github.com/mattevans/obscura/config.go:62.25,62.51 1 0
github.com/mattevans/obscura/config.go:66.54,67.25 1 0
github.com/mattevans/obscura/config.go:67.25,67.40 1 0
github.com/mattevans/obscura/config.go:72.45,73.25 1 0
github.com/mattevans/obscura/config.go:73.25,75.27 2 0
github.com/mattevans/obscura/config.go:75.27,77.4 1 0
github.com/mattevans/obscura/config.go:83.37,99.2 1 1
github.com/mattevans/obscura/filter.go:62.29,62.52 1 0
github.com/mattevans/obscura/filter.go:65.33,65.60 1 0
github.com/mattevans/obscura/filter.go:68.47,68.89 1 0
github.com/mattevans/obscura/filter.go:73.65,80.2 1 0
github.com/mattevans/obscura/filter.go:82.45,84.27 2 0
github.com/mattevans/obscura/filter.go:84.27,86.3 1 0
github.com/mattevans/obscura/filter.go:87.2,87.33 1 0
github.com/mattevans/obscura/filter.go:90.44,92.27 2 0
github.com/mattevans/obscura/filter.go:92.27,94.3 1 0
github.com/mattevans/obscura/filter.go:95.2,95.32 1 0
github.com/mattevans/obscura/filter.go:98.44,98.79 1 1
github.com/mattevans/obscura/filter.go:101.33,101.54 1 0
github.com/mattevans/obscura/filter.go:104.67,105.30 1 0
github.com/mattevans/obscura/filter.go:105.30,107.3 1 0
github.com/mattevans/obscura/filter.go:108.2,108.25 1 0
github.com/mattevans/obscura/filter.go:108.25,110.3 1 0
github.com/mattevans/obscura/filter.go:111.2,111.22 1 0
github.com/mattevans/obscura/filter.go:115.37,115.62 1 0
github.com/mattevans/obscura/filter.go:118.71,119.16 1 0
github.com/mattevans/obscura/filter.go:120.16,121.26 1 0
github.com/mattevans/obscura/filter.go:121.26,123.4 1 0
github.com/mattevans/obscura/filter.go:124.19,125.25 1 0
github.com/mattevans/obscura/filter.go:125.25,127.4 1 0
github.com/mattevans/obscura/filter.go:129.2,129.22 1 0
github.com/mattevans/obscura/filter.go:133.36,133.63 1 0
github.com/mattevans/obscura/filter.go:136.72,137.44 1 0
github.com/mattevans/obscura/filter.go:137.44,139.3 1 0
github.com/mattevans/obscura/filter.go:140.2,140.38 1 0
github.com/mattevans/obscura/filter.go:140.38,142.3 1 0
github.com/mattevans/obscura/filter.go:143.2,143.22 1 0
github.com/mattevans/obscura/filter.go:147.43,147.75 1 0
github.com/mattevans/obscura/filter.go:151.80,152.26 1 0
github.com/mattevans/obscura/filter.go:152.26,154.3 1 0
github.com/mattevans/obscura/filter.go:155.2,156.20 2 0
github.com/mattevans/obscura/filter.go:156.20,158.3 1 0
github.com/mattevans/obscura/filter.go:159.2,159.38 1 0
github.com/mattevans/obscura/filter.go:159.38,161.3 1 0
github.com/mattevans/obscura/filter.go:162.2,162.17 1 0
github.com/mattevans/obscura/filter.go:162.17,164.3 1 0
github.com/mattevans/obscura/filter.go:165.2,165.22 1 0
github.com/mattevans/obscura/filter.go:169.34,169.63 1 0
github.com/mattevans/obscura/filter.go:172.70,173.36 1 0
github.com/mattevans/obscura/filter.go:173.36,175.3 1 0
github.com/mattevans/obscura/filter.go:176.2,176.22 1 0
github.com/mattevans/obscura/filter.go:180.33,180.61 1 0
github.com/mattevans/obscura/filter.go:183.69,184.36 1 0
github.com/mattevans/obscura/filter.go:184.36,186.3 1 0
github.com/mattevans/obscura/filter.go:187.2,187.22 1 0
github.com/mattevans/obscura/filter.go:191.37,191.66 1 0
github.com/mattevans/obscura/filter.go:194.73,195.21 1 1
github.com/mattevans/obscura/filter.go:195.21,197.3 1 0
github.com/mattevans/obscura/filter.go:198.2,198.22 1 1
github.com/mattevans/obscura/filter.go:203.86,207.27 4 0
github.com/mattevans/obscura/filter.go:207.27,208.36 1 0
github.com/mattevans/obscura/filter.go:208.36,210.4 1 0
github.com/mattevans/obscura/filter.go:212.2,212.14 1 0
github.com/mattevans/obscura/filter.go:217.38,222.2 1 0
github.com/mattevans/obscura/filter.go:226.31,230.35 4 0
github.com/mattevans/obscura/filter.go:230.35,232.25 2 0
github.com/mattevans/obscura/filter.go:232.25,233.12 1 0
github.com/mattevans/obscura/filter.go:235.3,237.10 3 0
github.com/mattevans/obscura/filter.go:237.10,239.13 2 0
github.com/mattevans/obscura/filter.go:239.13,241.5 1 0
github.com/mattevans/obscura/filter.go:243.3,244.13 2 0
github.com/mattevans/obscura/filter.go:246.2,246.33 1 0
github.com/mattevans/obscura/filter.go:250.31,253.30 3 0
github.com/mattevans/obscura/filter.go:253.30,255.27 2 0
github.com/mattevans/obscura/filter.go:255.27,256.12 1 0
github.com/mattevans/obscura/filter.go:258.3,258.17 1 0
github.com/mattevans/obscura/filter.go:260.2,261.38 2 0
github.com/mattevans/obscura/filter.go:261.38,263.3 1 0
github.com/mattevans/obscura/filter.go:265.2,268.39 4 0
github.com/mattevans/obscura/filter.go:268.39,270.10 2 0
github.com/mattevans/obscura/filter.go:271.29,272.23 1 0
github.com/mattevans/obscura/filter.go:273.29,274.49 1 0
github.com/mattevans/obscura/filter.go:275.11,276.16 1 0
github.com/mattevans/obscura/filter.go:279.2,279.36 1 0
github.com/mattevans/obscura/filter.go:283.30,286.39 3 0
github.com/mattevans/obscura/filter.go:286.39,288.25 2 0
github.com/mattevans/obscura/filter.go:288.25,289.12 1 0
github.com/mattevans/obscura/filter.go:291.3,292.6 2 0
github.com/mattevans/obscura/filter.go:294.2,294.12 1 0
github.com/mattevans/obscura/filter.go:294.12,296.3 1 0
github.com/mattevans/obscura/filter.go:297.2,298.20 2 0
github.com/mattevans/obscura/filter.go:302.31,304.35 2 0
github.com/mattevans/obscura/filter.go:304.35,306.3 1 0
github.com/mattevans/obscura/filter.go:307.2,307.12 1 0
github.com/mattevans/obscura/filter.go:311.29,312.12 1 0
github.com/mattevans/obscura/filter.go:312.12,314.3 1 0
github.com/mattevans/obscura/filter.go:315.2,315.56 1 0
github.com/mattevans/obscura/filter.go:319.36,320.13 1 0
github.com/mattevans/obscura/filter.go:320.13,322.3 1 0
github.com/mattevans/obscura/filter.go:323.2,324.30 2 0
github.com/mattevans/obscura/filter.go:324.30,326.3 1 0
github.com/mattevans/obscura/filter.go:327.2,329.25 3 0
github.com/mattevans/obscura/filter.go:329.25,330.13 1 0
github.com/mattevans/obscura/filter.go:330.13,331.12 1 0
github.com/mattevans/obscura/filter.go:333.3,334.27 2 0
github.com/mattevans/obscura/filter.go:336.2,336.13 1 0
github.com/mattevans/obscura/filter.go:340.33,341.11 1 0
github.com/mattevans/obscura/filter.go:341.11,343.3 1 0
github.com/mattevans/obscura/filter.go:344.2,344.11 1 0
github.com/mattevans/obscura/filter.go:344.11,346.3 1 0
github.com/mattevans/obscura/filter.go:347.2,347.10 1 0
github.com/mattevans/obscura/obscura.go:28.36,34.27 2 1
github.com/mattevans/obscura/obscura.go:34.27,36.3 1 1
github.com/mattevans/obscura/obscura.go:38.2,47.3 1 1
github.com/mattevans/obscura/obscura.go:52.57,55.2 2 1
github.com/mattevans/obscura/obscura.go:59.92,63.16 3 0
github.com/mattevans/obscura/obscura.go:63.16,65.3 1 0
github.com/mattevans/obscura/obscura.go:66.2,70.22 4 0
github.com/mattevans/obscura/obscura.go:75.50,77.2 1 0
github.com/mattevans/obscura/obscura.go:80.48,82.32 2 1
github.com/mattevans/obscura/obscura.go:82.32,84.3 1 1
github.com/mattevans/obscura/obscura.go:85.2,85.16 1 1
github.com/mattevans/obscura/obscura.go:91.85,92.24 1 0
github.com/mattevans/obscura/obscura.go:92.24,94.3 1 0
github.com/mattevans/obscura/obscura.go:95.2,95.34 1 0
github.com/mattevans/obscura/obscura.go:95.34,97.3 1 0
github.com/mattevans/obscura/obscura.go:99.2,106.29 7 0
github.com/mattevans/obscura/obscura.go:106.29,107.13 1 0
github.com/mattevans/obscura/obscura.go:107.13,110.18 3 0
github.com/mattevans/obscura/obscura.go:110.18,114.5 3 0
github.com/mattevans/obscura/obscura.go:115.4,115.19 1 0
github.com/mattevans/obscura/obscura.go:118.2,120.27 2 0
github.com/mattevans/obscura/obscura.go:120.27,121.17 1 0
github.com/mattevans/obscura/obscura.go:121.17,123.4 1 0
github.com/mattevans/obscura/obscura.go:126.2,127.29 2 0
github.com/mattevans/obscura/obscura.go:127.29,129.3 1 0
github.com/mattevans/obscura/obscura.go:130.2,130.20 1 0
github.com/mattevans/obscura/obscura.go:135.69,138.31 3 1
github.com/mattevans/obscura/obscura.go:138.31,139.48 1 1
github.com/mattevans/obscura/obscura.go:139.48,141.4 1 1
github.com/mattevans/obscura/obscura.go:143.2,143.49 1 1
github.com/mattevans/obscura/obscura.go:148.74,149.30 1 1
github.com/mattevans/obscura/obscura.go:149.30,151.12 2 1
github.com/mattevans/obscura/obscura.go:151.12,153.4 1 0
github.com/mattevans/obscura/obscura.go:154.3,154.18 1 1
github.com/mattevans/obscura/obscura.go:156.2,156.16 1 1
github.com/mattevans/obscura/obscura.go:161.75,164.2 2 1
github.com/mattevans/obscura/obscura.go:169.79,170.23 1 1
github.com/mattevans/obscura/obscura.go:170.23,172.3 1 0
github.com/mattevans/obscura/obscura.go:174.2,177.28 4 1
github.com/mattevans/obscura/obscura.go:177.28,178.41 1 1
github.com/mattevans/obscura/obscura.go:178.41,179.12 1 0
github.com/mattevans/obscura/obscura.go:181.3,183.14 3 1
github.com/mattevans/obscura/obscura.go:185.2,186.19 2 1
github.com/mattevans/obscura/obscura.go:193.45,195.24 2 1
github.com/mattevans/obscura/obscura.go:195.24,197.3 1 0
github.com/mattevans/obscura/obscura.go:198.2,200.23 3 1
github.com/mattevans/obscura/obscura.go:200.23,202.3 1 0
github.com/mattevans/obscura/obscura.go:203.2,204.14 2 1
github.com/mattevans/obscura/obscura.go:209.53,212.30 3 1
github.com/mattevans/obscura/obscura.go:212.30,214.10 2 1
github.com/mattevans/obscura/obscura.go:214.10,215.12 1 1
github.com/mattevans/obscura/obscura.go:217.3,217.41 1 0
github.com/mattevans/obscura/obscura.go:217.41,218.37 1 0
github.com/mattevans/obscura/obscura.go:218.37,219.13 1 0
github.com/mattevans/obscura/obscura.go:221.4,222.24 2 0
github.com/mattevans/obscura/obscura.go:225.2,225.44 1 1
github.com/mattevans/obscura/obscura.go:225.44,225.84 1 0
github.com/mattevans/obscura/obscura.go:226.2,226.12 1 1
github.com/mattevans/obscura/placeholder.go:32.38,32.76 1 1
github.com/mattevans/obscura/placeholder.go:35.36,35.72 1 0
github.com/mattevans/obscura/placeholder.go:39.55,39.92 1 0
github.com/mattevans/obscura/placeholder.go:41.57,45.2 2 1
github.com/mattevans/obscura/placeholder.go:48.54,50.2 1 1
github.com/mattevans/obscura/placeholder.go:53.56,55.14 2 0
github.com/mattevans/obscura/placeholder.go:55.14,57.3 1 0
github.com/mattevans/obscura/placeholder.go:58.2,59.16 2 0
github.com/mattevans/obscura/placeholder.go:59.16,61.3 1 0
github.com/mattevans/obscura/placeholder.go:62.2,62.28 1 0
github.com/mattevans/obscura/placeholder.go:66.36,66.53 1 0
github.com/mattevans/obscura/placeholder.go:69.37,69.55 1 0
github.com/mattevans/obscura/resolve.go:12.70,13.23 1 1
github.com/mattevans/obscura/resolve.go:13.23,15.3 1 1
github.com/mattevans/obscura/resolve.go:17.2,19.48 3 0
github.com/mattevans/obscura/resolve.go:19.48,21.3 1 0
github.com/mattevans/obscura/resolve.go:23.2,24.28 2 0
github.com/mattevans/obscura/resolve.go:24.28,25.31 1 0
github.com/mattevans/obscura/resolve.go:25.31,26.12 1 0
github.com/mattevans/obscura/resolve.go:28.3,28.33 1 0
github.com/mattevans/obscura/resolve.go:31.2,31.49 1 0
github.com/mattevans/obscura/resolve.go:31.49,33.3 1 0
github.com/mattevans/obscura/resolve.go:34.2,34.17 1 0
github.com/mattevans/obscura/resolve.go:38.51,39.60 1 0
github.com/mattevans/obscura/resolve.go:39.60,41.3 1 0
github.com/mattevans/obscura/resolve.go:42.2,42.24 1 0
github.com/mattevans/obscura/resolve.go:42.24,44.3 1 0
github.com/mattevans/obscura/resolve.go:45.2,45.54 1 0
github.com/mattevans/obscura/resolve.go:45.54,47.3 1 0
github.com/mattevans/obscura/resolve.go:48.2,48.26 1 0
github.com/mattevans/obscura/resolve.go:52.50,53.29 1 0
github.com/mattevans/obscura/resolve.go:53.29,54.41 1 0
github.com/mattevans/obscura/resolve.go:54.41,56.4 1 0
github.com/mattevans/obscura/resolve.go:58.2,58.14 1 0
github.com/mattevans/obscura/session.go:15.42,17.2 1 0
github.com/mattevans/obscura/session.go:21.49,24.2 2 0
github.com/mattevans/obscura/session.go:28.37,28.54 1 0
github.com/mattevans/obscura/vault.go:38.46,45.2 1 1
github.com/mattevans/obscura/vault.go:49.50,50.25 1 1
github.com/mattevans/obscura/vault.go:50.25,52.3 1 0
github.com/mattevans/obscura/vault.go:53.2,54.31 2 1
github.com/mattevans/obscura/vault.go:54.31,56.3 1 1
github.com/mattevans/obscura/vault.go:57.2,57.57 1 1
github.com/mattevans/obscura/vault.go:62.55,64.2 1 0
github.com/mattevans/obscura/vault.go:67.27,67.52 1 0
github.com/mattevans/obscura/vault.go:70.39,72.2 1 0
github.com/mattevans/obscura/vault.go:77.53,80.14 3 0
github.com/mattevans/obscura/vault.go:80.14,82.3 1 0
github.com/mattevans/obscura/vault.go:83.2,85.12 3 0
github.com/mattevans/obscura/vault.go:90.42,91.23 1 0
github.com/mattevans/obscura/vault.go:91.23,93.3 1 0
github.com/mattevans/obscura/vault.go:94.2,96.12 3 0
github.com/mattevans/obscura/vault.go:101.64,102.38 1 1
github.com/mattevans/obscura/vault.go:102.38,103.33 1 0
github.com/mattevans/obscura/vault.go:103.33,105.4 1 0
github.com/mattevans/obscura/vault.go:107.2,111.9 4 1
github.com/mattevans/obscura/vault.go:111.9,114.3 2 1
github.com/mattevans/obscura/vault.go:115.2,117.11 3 1
github.com/mattevans/obscura/vault.go:124.50,126.43 1 0
github.com/mattevans/obscura/vault.go:126.43,128.3 1 0
github.com/mattevans/obscura/vault.go:130.2,130.33 1 0
github.com/mattevans/obscura/vault.go:136.50,140.6 4 0
github.com/mattevans/obscura/vault.go:140.6,142.14 2 0
github.com/mattevans/obscura/vault.go:142.14,143.9 1 0
github.com/mattevans/obscura/vault.go:146.3,146.61 1 0
github.com/mattevans/obscura/vault.go:146.61,148.4 1 0
github.com/mattevans/obscura/vault.go:150.3,150.24 1 0
github.com/mattevans/obscura/vault.go:153.2,153.51 1 0
github.com/mattevans/obscura/vault.go:153.51,155.3 1 0
github.com/mattevans/obscura/vault.go:156.2,156.21 1 0
github.com/mattevans/obscura/vault.go:161.36,162.17 1 0
github.com/mattevans/obscura/vault.go:162.17,164.3 1 0
github.com/mattevans/obscura/vault.go:166.2,166.62 1 0
github.com/mattevans/obscura/vault.go:166.62,167.24 1 0
github.com/mattevans/obscura/vault.go:167.24,168.12 1 0
github.com/mattevans/obscura/vault.go:170.3,170.27 1 0
github.com/mattevans/obscura/vault.go:170.27,171.74 1 0
github.com/mattevans/obscura/vault.go:171.74,173.5 1 0
github.com/mattevans/obscura/vault.go:174.4,174.12 1 0
github.com/mattevans/obscura/vault.go:177.2,177.15 1 0
github.com/mattevans/obscura/vault.go:182.44,184.31 2 0
github.com/mattevans/obscura/vault.go:184.31,185.37 1 0
github.com/mattevans/obscura/vault.go:185.37,187.4 1 0
github.com/mattevans/obscura/vault.go:189.2,189.11 1 0
github.com/mattevans/obscura/injection/injection.go:40.29,40.50 1 3
github.com/mattevans/obscura/injection/injection.go:43.31,43.53 1 0
github.com/mattevans/obscura/injection/injection.go:46.53,48.29 2 12
github.com/mattevans/obscura/injection/injection.go:48.29,49.57 1 96
github.com/mattevans/obscura/injection/injection.go:49.57,58.4 1 9
github.com/mattevans/obscura/injection/injection.go:60.2,60.16 1 12
github.com/mattevans/obscura/pii/bank.go:22.33,22.50 1 0
github.com/mattevans/obscura/pii/bank.go:25.27,25.48 1 0
github.com/mattevans/obscura/pii/bank.go:28.49,32.2 3 0
github.com/mattevans/obscura/pii/bank.go:35.47,37.2 1 0
github.com/mattevans/obscura/pii/creditcard.go:18.39,18.62 1 0
github.com/mattevans/obscura/pii/creditcard.go:21.33,21.61 1 0
github.com/mattevans/obscura/pii/creditcard.go:24.55,26.2 1 0
github.com/mattevans/obscura/pii/creditcard.go:30.53,35.2 1 0
github.com/mattevans/obscura/pii/crypto.go:20.35,20.54 1 0
github.com/mattevans/obscura/pii/crypto.go:23.29,23.52 1 0
github.com/mattevans/obscura/pii/crypto.go:26.51,30.2 3 0
github.com/mattevans/obscura/pii/email.go:18.34,18.52 1 0
github.com/mattevans/obscura/pii/email.go:21.28,21.50 1 0
github.com/mattevans/obscura/pii/email.go:24.50,26.2 1 0
github.com/mattevans/obscura/pii/govid.go:23.34,23.52 1 0
github.com/mattevans/obscura/pii/govid.go:26.28,26.51 1 0
github.com/mattevans/obscura/pii/govid.go:29.50,34.2 4 0
github.com/mattevans/obscura/pii/govid.go:38.48,40.2 1 0
github.com/mattevans/obscura/pii/network.go:22.36,22.56 1 0
github.com/mattevans/obscura/pii/network.go:25.30,25.54 1 0
github.com/mattevans/obscura/pii/network.go:29.52,34.2 4 0
github.com/mattevans/obscura/pii/phone.go:23.34,23.52 1 0
github.com/mattevans/obscura/pii/phone.go:26.28,26.50 1 0
github.com/mattevans/obscura/pii/phone.go:30.50,32.34 2 0
github.com/mattevans/obscura/pii/phone.go:32.34,34.3 1 0
github.com/mattevans/obscura/pii/phone.go:35.2,35.16 1 0
github.com/mattevans/obscura/pii/pii.go:17.31,27.2 1 0
github.com/mattevans/obscura/pii/pii.go:31.113,33.20 2 0
github.com/mattevans/obscura/pii/pii.go:33.20,35.3 1 0
github.com/mattevans/obscura/pii/pii.go:36.2,37.27 2 0
github.com/mattevans/obscura/pii/pii.go:37.27,46.3 1 0
github.com/mattevans/obscura/pii/pii.go:47.2,47.12 1 0
github.com/mattevans/obscura/preset/preset.go:20.30,33.2 1 0
github.com/mattevans/obscura/preset/preset.go:38.31,47.2 1 0
github.com/mattevans/obscura/preset/preset.go:50.29,57.2 1 0
github.com/mattevans/obscura/secret/aho.go:18.55,24.37 2 0
github.com/mattevans/obscura/secret/aho.go:24.37,25.26 1 0
github.com/mattevans/obscura/secret/aho.go:25.26,27.4 1 0
github.com/mattevans/obscura/secret/aho.go:29.2,30.11 2 0
github.com/mattevans/obscura/secret/aho.go:34.60,37.33 3 0
github.com/mattevans/obscura/secret/aho.go:37.33,39.7 2 0
github.com/mattevans/obscura/secret/aho.go:39.7,40.40 1 0
github.com/mattevans/obscura/secret/aho.go:40.40,42.10 2 0
github.com/mattevans/obscura/secret/aho.go:44.4,44.18 1 0
github.com/mattevans/obscura/secret/aho.go:44.18,45.10 1 0
github.com/mattevans/obscura/secret/aho.go:47.4,47.26 1 0
github.com/mattevans/obscura/secret/aho.go:49.3,49.44 1 0
github.com/mattevans/obscura/secret/aho.go:49.44,51.4 1 0
github.com/mattevans/obscura/secret/aho.go:53.2,53.13 1 0
github.com/mattevans/obscura/secret/aho.go:57.55,59.31 2 0
github.com/mattevans/obscura/secret/aho.go:59.31,62.10 3 0
github.com/mattevans/obscura/secret/aho.go:62.10,68.4 5 0
github.com/mattevans/obscura/secret/aho.go:69.3,69.14 1 0
github.com/mattevans/obscura/secret/aho.go:71.2,71.54 1 0
github.com/mattevans/obscura/secret/aho.go:75.32,77.33 2 0
github.com/mattevans/obscura/secret/aho.go:77.33,80.3 2 0
github.com/mattevans/obscura/secret/aho.go:81.2,81.21 1 0
github.com/mattevans/obscura/secret/aho.go:81.21,84.38 3 0
github.com/mattevans/obscura/secret/aho.go:84.38,87.8 3 0
github.com/mattevans/obscura/secret/aho.go:87.8,88.35 1 0
github.com/mattevans/obscura/secret/aho.go:88.35,90.11 2 0
github.com/mattevans/obscura/secret/aho.go:92.5,92.15 1 0
github.com/mattevans/obscura/secret/aho.go:92.15,94.11 2 0
github.com/mattevans/obscura/secret/aho.go:96.5,96.19 1 0
github.com/mattevans/obscura/secret/aho.go:98.4,98.71 1 0
github.com/mattevans/obscura/secret/aho.go:104.29,106.19 2 0
github.com/mattevans/obscura/secret/aho.go:106.19,108.3 1 0
github.com/mattevans/obscura/secret/aho.go:109.2,109.18 1 0
github.com/mattevans/obscura/secret/aho.go:113.29,114.26 1 0
github.com/mattevans/obscura/secret/aho.go:114.26,116.3 1 0
github.com/mattevans/obscura/secret/aho.go:117.2,117.10 1 0
github.com/mattevans/obscura/secret/entropy.go:8.36,9.13 1 0
github.com/mattevans/obscura/secret/entropy.go:9.13,11.3 1 0
github.com/mattevans/obscura/secret/entropy.go:12.2,13.30 2 0
github.com/mattevans/obscura/secret/entropy.go:13.30,15.3 1 0
github.com/mattevans/obscura/secret/entropy.go:16.2,18.25 3 0
github.com/mattevans/obscura/secret/entropy.go:18.25,19.13 1 0
github.com/mattevans/obscura/secret/entropy.go:19.13,20.12 1 0
github.com/mattevans/obscura/secret/entropy.go:22.3,23.27 2 0
github.com/mattevans/obscura/secret/entropy.go:25.2,25.13 1 0
github.com/mattevans/obscura/secret/rules.go:115.29,116.29 1 0
github.com/mattevans/obscura/secret/rules.go:116.29,118.41 2 0
github.com/mattevans/obscura/secret/rules.go:118.41,120.4 1 0
github.com/mattevans/obscura/secret/rules.go:121.3,121.38 1 0
github.com/mattevans/obscura/secret/rules.go:123.2,123.21 1 0
github.com/mattevans/obscura/secret/rules.go:128.76,130.16 2 0
github.com/mattevans/obscura/secret/rules.go:130.16,131.13 1 0
github.com/mattevans/obscura/secret/rules.go:133.2,133.10 1 0
github.com/mattevans/obscura/secret/secret.go:47.84,49.16 2 0
github.com/mattevans/obscura/secret/secret.go:49.16,51.3 1 0
github.com/mattevans/obscura/secret/secret.go:52.2,52.72 1 0
github.com/mattevans/obscura/secret/secret.go:56.40,59.26 3 0
github.com/mattevans/obscura/secret/secret.go:59.26,61.27 2 0
github.com/mattevans/obscura/secret/secret.go:61.27,63.4 1 0
github.com/mattevans/obscura/secret/secret.go:65.2,69.3 1 0
github.com/mattevans/obscura/secret/secret.go:73.47,75.2 1 0
github.com/mattevans/obscura/secret/secret.go:78.34,78.53 1 0
github.com/mattevans/obscura/secret/secret.go:82.56,84.26 2 0
github.com/mattevans/obscura/secret/secret.go:84.26,86.3 1 0
github.com/mattevans/obscura/secret/secret.go:88.2,89.30 2 0
github.com/mattevans/obscura/secret/secret.go:89.30,91.65 2 0
github.com/mattevans/obscura/secret/secret.go:91.65,94.55 3 0
github.com/mattevans/obscura/secret/secret.go:94.55,95.13 1 0
github.com/mattevans/obscura/secret/secret.go:97.4,104.6 1 0
github.com/mattevans/obscura/secret/secret.go:107.2,107.16 1 0
github.com/mattevans/obscura/secret/secret.go:112.65,114.34 2 0
github.com/mattevans/obscura/secret/secret.go:114.34,116.3 1 0
github.com/mattevans/obscura/secret/secret.go:117.2,117.13 1 0
github.com/mattevans/obscura/secret/secret.go:122.39,123.34 1 0
github.com/mattevans/obscura/secret/secret.go:123.34,125.3 1 0
github.com/mattevans/obscura/secret/secret.go:126.2,126.23 1 0
github.com/mattevans/obscura/secret/secret.go:131.52,133.15 2 0
github.com/mattevans/obscura/secret/secret.go:133.15,134.55 1 0
github.com/mattevans/obscura/secret/secret.go:134.55,136.4 1 0
github.com/mattevans/obscura/secret/secret.go:138.2,138.18 1 0
github.com/mattevans/obscura/secret/secret.go:138.18,140.3 1 0
github.com/mattevans/obscura/secret/secret.go:141.2,141.14 1 0
github.com/mattevans/obscura/secret/tokenfilter/tokenfilter.go:43.34,49.27 2 0
github.com/mattevans/obscura/secret/tokenfilter/tokenfilter.go:49.27,51.3 1 0
github.com/mattevans/obscura/secret/tokenfilter/tokenfilter.go:52.2,52.10 1 0
github.com/mattevans/obscura/secret/tokenfilter/tokenfilter.go:57.50,58.25 1 0
github.com/mattevans/obscura/secret/tokenfilter/tokenfilter.go:58.25,58.46 1 0
github.com/mattevans/obscura/secret/tokenfilter/tokenfilter.go:63.31,64.25 1 0
github.com/mattevans/obscura/secret/tokenfilter/tokenfilter.go:64.25,64.41 1 0
github.com/mattevans/obscura/secret/tokenfilter/tokenfilter.go:68.32,68.68 1 0
github.com/mattevans/obscura/secret/tokenfilter/tokenfilter.go:72.82,73.61 1 0
github.com/mattevans/obscura/secret/tokenfilter/tokenfilter.go:73.61,75.3 1 0
github.com/mattevans/obscura/secret/tokenfilter/tokenfilter.go:76.2,77.12 2 0
github.com/mattevans/obscura/secret/tokenfilter/tokenfilter.go:77.12,79.3 1 0
github.com/mattevans/obscura/secret/tokenfilter/tokenfilter.go:80.2,81.20 2 0
github.com/mattevans/obscura/secret/tokenfilter/tokenfilter.go:81.20,83.3 1 0
github.com/mattevans/obscura/secret/tokenfilter/tokenfilter.go:85.2,86.30 2 0
github.com/mattevans/obscura/secret/tokenfilter/tokenfilter.go:90.33,91.11 1 0
github.com/mattevans/obscura/secret/tokenfilter/tokenfilter.go:91.11,93.3 1 0
github.com/mattevans/obscura/secret/tokenfilter/tokenfilter.go:94.2,94.11 1 0
github.com/mattevans/obscura/secret/tokenfilter/tokenfilter.go:94.11,96.3 1 0
github.com/mattevans/obscura/secret/tokenfilter/tokenfilter.go:97.2,97.10 1 0
github.com/mattevans/obscura/secret/tokenfilter/bpe/bpe.go:41.21,42.23 1 0
github.com/mattevans/obscura/secret/tokenfilter/bpe/bpe.go:42.23,44.17 2 0
github.com/mattevans/obscura/secret/tokenfilter/bpe/bpe.go:44.17,45.40 1 0
github.com/mattevans/obscura/secret/tokenfilter/bpe/bpe.go:47.3,47.15 1 0
github.com/mattevans/obscura/secret/tokenfilter/bpe/bpe.go:49.2,49.15 1 0
github.com/mattevans/obscura/secret/tokenfilter/bpe/bpe.go:53.45,54.13 1 0
github.com/mattevans/obscura/secret/tokenfilter/bpe/bpe.go:54.13,56.3 1 0
github.com/mattevans/obscura/secret/tokenfilter/bpe/bpe.go:59.2,60.30 2 0
github.com/mattevans/obscura/secret/tokenfilter/bpe/bpe.go:60.30,62.3 1 0
github.com/mattevans/obscura/secret/tokenfilter/bpe/bpe.go:65.2,65.24 1 0
github.com/mattevans/obscura/secret/tokenfilter/bpe/bpe.go:65.24,68.39 3 0
github.com/mattevans/obscura/secret/tokenfilter/bpe/bpe.go:68.39,69.76 1 0
github.com/mattevans/obscura/secret/tokenfilter/bpe/bpe.go:69.76,72.5 2 0
github.com/mattevans/obscura/secret/tokenfilter/bpe/bpe.go:74.3,74.17 1 0
github.com/mattevans/obscura/secret/tokenfilter/bpe/bpe.go:74.17,75.9 1 0
github.com/mattevans/obscura/secret/tokenfilter/bpe/bpe.go:77.3,78.62 2 0
github.com/mattevans/obscura/secret/tokenfilter/bpe/bpe.go:80.2,80.21 1 0
github.com/mattevans/obscura/secret/tokenfilter/bpe/bpe.go:84.31,86.16 2 0
github.com/mattevans/obscura/secret/tokenfilter/bpe/bpe.go:86.16,88.3 1 0
github.com/mattevans/obscura/secret/tokenfilter/bpe/bpe.go:89.2,95.16 6 0
github.com/mattevans/obscura/secret/tokenfilter/bpe/bpe.go:95.16,97.49 2 0
github.com/mattevans/obscura/secret/tokenfilter/bpe/bpe.go:97.49,98.12 1 0
github.com/mattevans/obscura/secret/tokenfilter/bpe/bpe.go:100.3,101.10 2 0
github.com/mattevans/obscura/secret/tokenfilter/bpe/bpe.go:101.10,102.12 1 0
github.com/mattevans/obscura/secret/tokenfilter/bpe/bpe.go:104.3,105.9 2 0
github.com/mattevans/obscura/secret/tokenfilter/bpe/bpe.go:107.2,107.33 1 0
github.com/mattevans/obscura/secret/tokenfilter/bpe/bpe.go:107.33,109.3 1 0
github.com/mattevans/obscura/secret/tokenfilter/bpe/bpe.go:111.2,111.65 1 0
github.com/mattevans/obscura/secret/tokenfilter/bpe/bpe.go:116.32,122.28 4 0
github.com/mattevans/obscura/secret/tokenfilter/bpe/bpe.go:122.28,123.35 1 0
github.com/mattevans/obscura/secret/tokenfilter/bpe/bpe.go:123.35,126.4 2 0
github.com/mattevans/obscura/secret/tokenfilter/bpe/bpe.go:129.2,130.27 2 0
github.com/mattevans/obscura/secret/tokenfilter/bpe/bpe.go:130.27,131.18 1 0
github.com/mattevans/obscura/secret/tokenfilter/bpe/bpe.go:131.18,132.12 1 0
github.com/mattevans/obscura/secret/tokenfilter/bpe/bpe.go:134.3,135.6 2 0
github.com/mattevans/obscura/secret/tokenfilter/bpe/bpe.go:137.2,137.14 1 0
github.com/mattevans/obscura/transport/body.go:28.50,30.26 2 0
github.com/mattevans/obscura/transport/body.go:30.26,32.3 1 0
github.com/mattevans/obscura/transport/body.go:33.2,33.12 1 0
github.com/mattevans/obscura/transport/body.go:39.92,41.52 2 0
github.com/mattevans/obscura/transport/body.go:41.52,43.3 1 0
github.com/mattevans/obscura/transport/body.go:44.2,44.26 1 0
github.com/mattevans/obscura/transport/body.go:44.26,46.3 1 0
github.com/mattevans/obscura/transport/body.go:47.2,47.27 1 0
github.com/mattevans/obscura/transport/body.go:53.70,54.20 1 0
github.com/mattevans/obscura/transport/body.go:54.20,55.35 1 0
github.com/mattevans/obscura/transport/body.go:55.35,57.4 1 0
github.com/mattevans/obscura/transport/body.go:58.3,58.14 1 0
github.com/mattevans/obscura/transport/body.go:61.2,62.26 2 0
github.com/mattevans/obscura/transport/body.go:63.22,64.17 1 0
github.com/mattevans/obscura/transport/body.go:64.17,65.24 1 0
github.com/mattevans/obscura/transport/body.go:65.24,67.5 1 0
github.com/mattevans/obscura/transport/body.go:68.4,68.12 1 0
github.com/mattevans/obscura/transport/body.go:70.3,70.26 1 0
github.com/mattevans/obscura/transport/body.go:70.26,72.4 1 0
github.com/mattevans/obscura/transport/body.go:73.3,73.11 1 0
github.com/mattevans/obscura/transport/body.go:74.13,75.17 1 0
github.com/mattevans/obscura/transport/body.go:75.17,76.24 1 0
github.com/mattevans/obscura/transport/body.go:76.24,78.5 1 0
github.com/mattevans/obscura/transport/body.go:80.3,80.11 1 0
github.com/mattevans/obscura/transport/body.go:81.10,82.14 1 0
github.com/mattevans/obscura/transport/body.go:87.75,89.2 1 0
github.com/mattevans/obscura/transport/body.go:92.53,93.33 1 0
github.com/mattevans/obscura/transport/body.go:93.33,96.12 3 0
github.com/mattevans/obscura/transport/body.go:96.12,98.4 1 0
github.com/mattevans/obscura/transport/body.go:99.3,99.10 1 0
github.com/mattevans/obscura/transport/body.go:100.22,102.16 2 0
github.com/mattevans/obscura/transport/body.go:103.19,104.17 1 0
github.com/mattevans/obscura/transport/body.go:107.2,107.31 1 0
github.com/mattevans/obscura/transport/body.go:107.31,109.3 1 0
github.com/mattevans/obscura/transport/body.go:110.2,110.22 1 0
github.com/mattevans/obscura/transport/body.go:114.39,114.63 1 0
github.com/mattevans/obscura/transport/roundtripper.go:45.89,46.17 1 0
github.com/mattevans/obscura/transport/roundtripper.go:46.17,48.3 1 0
github.com/mattevans/obscura/transport/roundtripper.go:49.2,50.27 2 0
github.com/mattevans/obscura/transport/roundtripper.go:50.27,52.3 1 0
github.com/mattevans/obscura/transport/roundtripper.go:53.2,53.10 1 0
github.com/mattevans/obscura/transport/roundtripper.go:58.45,59.28 1 0
github.com/mattevans/obscura/transport/roundtripper.go:59.28,59.86 1 0
github.com/mattevans/obscura/transport/roundtripper.go:64.38,65.28 1 0
github.com/mattevans/obscura/transport/roundtripper.go:65.28,65.50 1 0
github.com/mattevans/obscura/transport/roundtripper.go:70.24,71.28 1 0
github.com/mattevans/obscura/transport/roundtripper.go:71.28,71.49 1 0
github.com/mattevans/obscura/transport/roundtripper.go:76.74,78.16 2 0
github.com/mattevans/obscura/transport/roundtripper.go:78.16,80.3 1 0
github.com/mattevans/obscura/transport/roundtripper.go:82.2,83.16 2 0
github.com/mattevans/obscura/transport/roundtripper.go:83.16,85.3 1 0
github.com/mattevans/obscura/transport/roundtripper.go:87.2,87.74 1 0
github.com/mattevans/obscura/transport/roundtripper.go:87.74,91.3 3 0
github.com/mattevans/obscura/transport/roundtripper.go:92.2,92.18 1 0
github.com/mattevans/obscura/transport/roundtripper.go:98.93,99.43 1 0
github.com/mattevans/obscura/transport/roundtripper.go:99.43,101.3 1 0
github.com/mattevans/obscura/transport/roundtripper.go:103.2,105.16 3 0
github.com/mattevans/obscura/transport/roundtripper.go:105.16,107.3 1 0
github.com/mattevans/obscura/transport/roundtripper.go:109.2,111.16 3 0
github.com/mattevans/obscura/transport/roundtripper.go:111.16,112.17 1 0
github.com/mattevans/obscura/transport/roundtripper.go:112.17,114.4 1 0
github.com/mattevans/obscura/transport/roundtripper.go:115.3,115.65 1 0
github.com/mattevans/obscura/transport/roundtripper.go:118.2,118.56 1 0
github.com/mattevans/obscura/transport/roundtripper.go:123.66,127.48 4 0
github.com/mattevans/obscura/transport/roundtripper.go:127.48,129.3 1 0
github.com/mattevans/obscura/transport/roundtripper.go:130.2,130.14 1 0
github.com/mattevans/obscura/config.go:30.38,31.25 1 0
github.com/mattevans/obscura/config.go:31.25,31.65 1 0
github.com/mattevans/obscura/config.go:35.43,36.25 1 0
github.com/mattevans/obscura/config.go:36.25,36.69 1 0
github.com/mattevans/obscura/config.go:40.52,41.25 1 0
github.com/mattevans/obscura/config.go:41.25,41.59 1 0
github.com/mattevans/obscura/config.go:46.34,47.25 1 0
github.com/mattevans/obscura/config.go:47.25,47.61 1 0
github.com/mattevans/obscura/config.go:51.45,52.25 1 0
github.com/mattevans/obscura/config.go:52.25,52.65 1 0
github.com/mattevans/obscura/config.go:56.44,57.25 1 0
github.com/mattevans/obscura/config.go:57.25,57.63 1 0
github.com/mattevans/obscura/config.go:61.45,62.25 1 0
github.com/mattevans/obscura/config.go:62.25,62.51 1 0
github.com/mattevans/obscura/config.go:66.54,67.25 1 0
github.com/mattevans/obscura/config.go:67.25,67.40 1 0
github.com/mattevans/obscura/config.go:72.45,73.25 1 0
github.com/mattevans/obscura/config.go:73.25,75.27 2 0
github.com/mattevans/obscura/config.go:75.27,77.4 1 0
github.com/mattevans/obscura/config.go:83.37,99.2 1 0
github.com/mattevans/obscura/filter.go:62.29,62.52 1 1
github.com/mattevans/obscura/filter.go:65.33,65.60 1 0
github.com/mattevans/obscura/filter.go:68.47,68.89 1 0
github.com/mattevans/obscura/filter.go:73.65,80.2 1 1
github.com/mattevans/obscura/filter.go:82.45,84.27 2 0
github.com/mattevans/obscura/filter.go:84.27,86.3 1 0
github.com/mattevans/obscura/filter.go:87.2,87.33 1 0
github.com/mattevans/obscura/filter.go:90.44,92.27 2 0
github.com/mattevans/obscura/filter.go:92.27,94.3 1 0
github.com/mattevans/obscura/filter.go:95.2,95.32 1 0
github.com/mattevans/obscura/filter.go:98.44,98.79 1 0
github.com/mattevans/obscura/filter.go:101.33,101.54 1 0
github.com/mattevans/obscura/filter.go:104.67,105.30 1 0
github.com/mattevans/obscura/filter.go:105.30,107.3 1 0
github.com/mattevans/obscura/filter.go:108.2,108.25 1 0
github.com/mattevans/obscura/filter.go:108.25,110.3 1 0
github.com/mattevans/obscura/filter.go:111.2,111.22 1 0
github.com/mattevans/obscura/filter.go:115.37,115.62 1 0
github.com/mattevans/obscura/filter.go:118.71,119.16 1 0
github.com/mattevans/obscura/filter.go:120.16,121.26 1 0
github.com/mattevans/obscura/filter.go:121.26,123.4 1 0
github.com/mattevans/obscura/filter.go:124.19,125.25 1 0
github.com/mattevans/obscura/filter.go:125.25,127.4 1 0
github.com/mattevans/obscura/filter.go:129.2,129.22 1 0
github.com/mattevans/obscura/filter.go:133.36,133.63 1 0
github.com/mattevans/obscura/filter.go:136.72,137.44 1 0
github.com/mattevans/obscura/filter.go:137.44,139.3 1 0
github.com/mattevans/obscura/filter.go:140.2,140.38 1 0
github.com/mattevans/obscura/filter.go:140.38,142.3 1 0
github.com/mattevans/obscura/filter.go:143.2,143.22 1 0
github.com/mattevans/obscura/filter.go:147.43,147.75 1 0
github.com/mattevans/obscura/filter.go:151.80,152.26 1 0
github.com/mattevans/obscura/filter.go:152.26,154.3 1 0
github.com/mattevans/obscura/filter.go:155.2,156.20 2 0
github.com/mattevans/obscura/filter.go:156.20,158.3 1 0
github.com/mattevans/obscura/filter.go:159.2,159.38 1 0
github.com/mattevans/obscura/filter.go:159.38,161.3 1 0
github.com/mattevans/obscura/filter.go:162.2,162.17 1 0
github.com/mattevans/obscura/filter.go:162.17,164.3 1 0
github.com/mattevans/obscura/filter.go:165.2,165.22 1 0
github.com/mattevans/obscura/filter.go:169.34,169.63 1 0
github.com/mattevans/obscura/filter.go:172.70,173.36 1 0
github.com/mattevans/obscura/filter.go:173.36,175.3 1 0
github.com/mattevans/obscura/filter.go:176.2,176.22 1 0
github.com/mattevans/obscura/filter.go:180.33,180.61 1 0
github.com/mattevans/obscura/filter.go:183.69,184.36 1 0
github.com/mattevans/obscura/filter.go:184.36,186.3 1 0
github.com/mattevans/obscura/filter.go:187.2,187.22 1 0
github.com/mattevans/obscura/filter.go:191.37,191.66 1 0
github.com/mattevans/obscura/filter.go:194.73,195.21 1 0
github.com/mattevans/obscura/filter.go:195.21,197.3 1 0
github.com/mattevans/obscura/filter.go:198.2,198.22 1 0
github.com/mattevans/obscura/filter.go:203.86,207.27 4 0
github.com/mattevans/obscura/filter.go:207.27,208.36 1 0
github.com/mattevans/obscura/filter.go:208.36,210.4 1 0
github.com/mattevans/obscura/filter.go:212.2,212.14 1 0
github.com/mattevans/obscura/filter.go:217.38,222.2 1 1
github.com/mattevans/obscura/filter.go:226.31,230.35 4 0
github.com/mattevans/obscura/filter.go:230.35,232.25 2 0
github.com/mattevans/obscura/filter.go:232.25,233.12 1 0
github.com/mattevans/obscura/filter.go:235.3,237.10 3 0
github.com/mattevans/obscura/filter.go:237.10,239.13 2 0
github.com/mattevans/obscura/filter.go:239.13,241.5 1 0
github.com/mattevans/obscura/filter.go:243.3,244.13 2 0
github.com/mattevans/obscura/filter.go:246.2,246.33 1 0
github.com/mattevans/obscura/filter.go:250.31,253.30 3 0
github.com/mattevans/obscura/filter.go:253.30,255.27 2 0
github.com/mattevans/obscura/filter.go:255.27,256.12 1 0
github.com/mattevans/obscura/filter.go:258.3,258.17 1 0
github.com/mattevans/obscura/filter.go:260.2,261.38 2 0
github.com/mattevans/obscura/filter.go:261.38,263.3 1 0
github.com/mattevans/obscura/filter.go:265.2,268.39 4 0
github.com/mattevans/obscura/filter.go:268.39,270.10 2 0
github.com/mattevans/obscura/filter.go:271.29,272.23 1 0
github.com/mattevans/obscura/filter.go:273.29,274.49 1 0
github.com/mattevans/obscura/filter.go:275.11,276.16 1 0
github.com/mattevans/obscura/filter.go:279.2,279.36 1 0
github.com/mattevans/obscura/filter.go:283.30,286.39 3 0
github.com/mattevans/obscura/filter.go:286.39,288.25 2 0
github.com/mattevans/obscura/filter.go:288.25,289.12 1 0
github.com/mattevans/obscura/filter.go:291.3,292.6 2 0
github.com/mattevans/obscura/filter.go:294.2,294.12 1 0
github.com/mattevans/obscura/filter.go:294.12,296.3 1 0
github.com/mattevans/obscura/filter.go:297.2,298.20 2 0
github.com/mattevans/obscura/filter.go:302.31,304.35 2 0
github.com/mattevans/obscura/filter.go:304.35,306.3 1 0
github.com/mattevans/obscura/filter.go:307.2,307.12 1 0
github.com/mattevans/obscura/filter.go:311.29,312.12 1 0
github.com/mattevans/obscura/filter.go:312.12,314.3 1 0
github.com/mattevans/obscura/filter.go:315.2,315.56 1 0
github.com/mattevans/obscura/filter.go:319.36,320.13 1 0
github.com/mattevans/obscura/filter.go:320.13,322.3 1 0
github.com/mattevans/obscura/filter.go:323.2,324.30 2 0
github.com/mattevans/obscura/filter.go:324.30,326.3 1 0
github.com/mattevans/obscura/filter.go:327.2,329.25 3 0
github.com/mattevans/obscura/filter.go:329.25,330.13 1 0
github.com/mattevans/obscura/filter.go:330.13,331.12 1 0
github.com/mattevans/obscura/filter.go:333.3,334.27 2 0
github.com/mattevans/obscura/filter.go:336.2,336.13 1 0
github.com/mattevans/obscura/filter.go:340.33,341.11 1 0
github.com/mattevans/obscura/filter.go:341.11,343.3 1 0
github.com/mattevans/obscura/filter.go:344.2,344.11 1 0
github.com/mattevans/obscura/filter.go:344.11,346.3 1 0
github.com/mattevans/obscura/filter.go:347.2,347.10 1 0
github.com/mattevans/obscura/obscura.go:28.36,34.27 2 0
github.com/mattevans/obscura/obscura.go:34.27,36.3 1 0
github.com/mattevans/obscura/obscura.go:38.2,47.3 1 0
github.com/mattevans/obscura/obscura.go:52.57,55.2 2 0
github.com/mattevans/obscura/obscura.go:59.92,63.16 3 0
github.com/mattevans/obscura/obscura.go:63.16,65.3 1 0
github.com/mattevans/obscura/obscura.go:66.2,70.22 4 0
github.com/mattevans/obscura/obscura.go:75.50,77.2 1 0
github.com/mattevans/obscura/obscura.go:80.48,82.32 2 0
github.com/mattevans/obscura/obscura.go:82.32,84.3 1 0
github.com/mattevans/obscura/obscura.go:85.2,85.16 1 0
github.com/mattevans/obscura/obscura.go:91.85,92.24 1 0
github.com/mattevans/obscura/obscura.go:92.24,94.3 1 0
github.com/mattevans/obscura/obscura.go:95.2,95.34 1 0
github.com/mattevans/obscura/obscura.go:95.34,97.3 1 0
github.com/mattevans/obscura/obscura.go:99.2,106.29 7 0
github.com/mattevans/obscura/obscura.go:106.29,107.13 1 0
github.com/mattevans/obscura/obscura.go:107.13,110.18 3 0
github.com/mattevans/obscura/obscura.go:110.18,114.5 3 0
github.com/mattevans/obscura/obscura.go:115.4,115.19 1 0
github.com/mattevans/obscura/obscura.go:118.2,120.27 2 0
github.com/mattevans/obscura/obscura.go:120.27,121.17 1 0
github.com/mattevans/obscura/obscura.go:121.17,123.4 1 0
github.com/mattevans/obscura/obscura.go:126.2,127.29 2 0
github.com/mattevans/obscura/obscura.go:127.29,129.3 1 0
github.com/mattevans/obscura/obscura.go:130.2,130.20 1 0
github.com/mattevans/obscura/obscura.go:135.69,138.31 3 0
github.com/mattevans/obscura/obscura.go:138.31,139.48 1 0
github.com/mattevans/obscura/obscura.go:139.48,141.4 1 0
github.com/mattevans/obscura/obscura.go:143.2,143.49 1 0
github.com/mattevans/obscura/obscura.go:148.74,149.30 1 0
github.com/mattevans/obscura/obscura.go:149.30,151.12 2 0
github.com/mattevans/obscura/obscura.go:151.12,153.4 1 0
github.com/mattevans/obscura/obscura.go:154.3,154.18 1 0
github.com/mattevans/obscura/obscura.go:156.2,156.16 1 0
github.com/mattevans/obscura/obscura.go:161.75,164.2 2 0
github.com/mattevans/obscura/obscura.go:169.79,170.23 1 0
github.com/mattevans/obscura/obscura.go:170.23,172.3 1 0
github.com/mattevans/obscura/obscura.go:174.2,177.28 4 0
github.com/mattevans/obscura/obscura.go:177.28,178.41 1 0
github.com/mattevans/obscura/obscura.go:178.41,179.12 1 0
github.com/mattevans/obscura/obscura.go:181.3,183.14 3 0
github.com/mattevans/obscura/obscura.go:185.2,186.19 2 0
github.com/mattevans/obscura/obscura.go:193.45,195.24 2 0
github.com/mattevans/obscura/obscura.go:195.24,197.3 1 0
github.com/mattevans/obscura/obscura.go:198.2,200.23 3 0
github.com/mattevans/obscura/obscura.go:200.23,202.3 1 0
github.com/mattevans/obscura/obscura.go:203.2,204.14 2 0
github.com/mattevans/obscura/obscura.go:209.53,212.30 3 0
github.com/mattevans/obscura/obscura.go:212.30,214.10 2 0
github.com/mattevans/obscura/obscura.go:214.10,215.12 1 0
github.com/mattevans/obscura/obscura.go:217.3,217.41 1 0
github.com/mattevans/obscura/obscura.go:217.41,218.37 1 0
github.com/mattevans/obscura/obscura.go:218.37,219.13 1 0
github.com/mattevans/obscura/obscura.go:221.4,222.24 2 0
github.com/mattevans/obscura/obscura.go:225.2,225.44 1 0
github.com/mattevans/obscura/obscura.go:225.44,225.84 1 0
github.com/mattevans/obscura/obscura.go:226.2,226.12 1 0
github.com/mattevans/obscura/placeholder.go:32.38,32.76 1 0
github.com/mattevans/obscura/placeholder.go:35.36,35.72 1 0
github.com/mattevans/obscura/placeholder.go:39.55,39.92 1 0
github.com/mattevans/obscura/placeholder.go:41.57,45.2 2 0
github.com/mattevans/obscura/placeholder.go:48.54,50.2 1 0
github.com/mattevans/obscura/placeholder.go:53.56,55.14 2 0
github.com/mattevans/obscura/placeholder.go:55.14,57.3 1 0
github.com/mattevans/obscura/placeholder.go:58.2,59.16 2 0
github.com/mattevans/obscura/placeholder.go:59.16,61.3 1 0
github.com/mattevans/obscura/placeholder.go:62.2,62.28 1 0
github.com/mattevans/obscura/placeholder.go:66.36,66.53 1 0
github.com/mattevans/obscura/placeholder.go:69.37,69.55 1 0
github.com/mattevans/obscura/resolve.go:12.70,13.23 1 0
github.com/mattevans/obscura/resolve.go:13.23,15.3 1 0
github.com/mattevans/obscura/resolve.go:17.2,19.48 3 0
github.com/mattevans/obscura/resolve.go:19.48,21.3 1 0
github.com/mattevans/obscura/resolve.go:23.2,24.28 2 0
github.com/mattevans/obscura/resolve.go:24.28,25.31 1 0
github.com/mattevans/obscura/resolve.go:25.31,26.12 1 0
github.com/mattevans/obscura/resolve.go:28.3,28.33 1 0
github.com/mattevans/obscura/resolve.go:31.2,31.49 1 0
github.com/mattevans/obscura/resolve.go:31.49,33.3 1 0
github.com/mattevans/obscura/resolve.go:34.2,34.17 1 0
github.com/mattevans/obscura/resolve.go:38.51,39.60 1 0
github.com/mattevans/obscura/resolve.go:39.60,41.3 1 0
github.com/mattevans/obscura/resolve.go:42.2,42.24 1 0
github.com/mattevans/obscura/resolve.go:42.24,44.3 1 0
github.com/mattevans/obscura/resolve.go:45.2,45.54 1 0
github.com/mattevans/obscura/resolve.go:45.54,47.3 1 0
github.com/mattevans/obscura/resolve.go:48.2,48.26 1 0
github.com/mattevans/obscura/resolve.go:52.50,53.29 1 0
github.com/mattevans/obscura/resolve.go:53.29,54.41 1 0
github.com/mattevans/obscura/resolve.go:54.41,56.4 1 0
github.com/mattevans/obscura/resolve.go:58.2,58.14 1 0
github.com/mattevans/obscura/session.go:15.42,17.2 1 0
github.com/mattevans/obscura/session.go:21.49,24.2 2 0
github.com/mattevans/obscura/session.go:28.37,28.54 1 0
github.com/mattevans/obscura/vault.go:38.46,45.2 1 0
github.com/mattevans/obscura/vault.go:49.50,50.25 1 0
github.com/mattevans/obscura/vault.go:50.25,52.3 1 0
github.com/mattevans/obscura/vault.go:53.2,54.31 2 0
github.com/mattevans/obscura/vault.go:54.31,56.3 1 0
github.com/mattevans/obscura/vault.go:57.2,57.57 1 0
github.com/mattevans/obscura/vault.go:62.55,64.2 1 0
github.com/mattevans/obscura/vault.go:67.27,67.52 1 0
github.com/mattevans/obscura/vault.go:70.39,72.2 1 0
github.com/mattevans/obscura/vault.go:77.53,80.14 3 0
github.com/mattevans/obscura/vault.go:80.14,82.3 1 0
github.com/mattevans/obscura/vault.go:83.2,85.12 3 0
github.com/mattevans/obscura/vault.go:90.42,91.23 1 0
github.com/mattevans/obscura/vault.go:91.23,93.3 1 0
github.com/mattevans/obscura/vault.go:94.2,96.12 3 0
github.com/mattevans/obscura/vault.go:101.64,102.38 1 0
github.com/mattevans/obscura/vault.go:102.38,103.33 1 0
github.com/mattevans/obscura/vault.go:103.33,105.4 1 0
github.com/mattevans/obscura/vault.go:107.2,111.9 4 0
github.com/mattevans/obscura/vault.go:111.9,114.3 2 0
github.com/mattevans/obscura/vault.go:115.2,117.11 3 0
github.com/mattevans/obscura/vault.go:124.50,126.43 1 0
github.com/mattevans/obscura/vault.go:126.43,128.3 1 0
github.com/mattevans/obscura/vault.go:130.2,130.33 1 0
github.com/mattevans/obscura/vault.go:136.50,140.6 4 0
github.com/mattevans/obscura/vault.go:140.6,142.14 2 0
github.com/mattevans/obscura/vault.go:142.14,143.9 1 0
github.com/mattevans/obscura/vault.go:146.3,146.61 1 0
github.com/mattevans/obscura/vault.go:146.61,148.4 1 0
github.com/mattevans/obscura/vault.go:150.3,150.24 1 0
github.com/mattevans/obscura/vault.go:153.2,153.51 1 0
github.com/mattevans/obscura/vault.go:153.51,155.3 1 0
github.com/mattevans/obscura/vault.go:156.2,156.21 1 0
github.com/mattevans/obscura/vault.go:161.36,162.17 1 0
github.com/mattevans/obscura/vault.go:162.17,164.3 1 0
github.com/mattevans/obscura/vault.go:166.2,166.62 1 0
github.com/mattevans/obscura/vault.go:166.62,167.24 1 0
github.com/mattevans/obscura/vault.go:167.24,168.12 1 0
github.com/mattevans/obscura/vault.go:170.3,170.27 1 0
github.com/mattevans/obscura/vault.go:170.27,171.74 1 0
github.com/mattevans/obscura/vault.go:171.74,173.5 1 0
github.com/mattevans/obscura/vault.go:174.4,174.12 1 0
github.com/mattevans/obscura/vault.go:177.2,177.15 1 0
github.com/mattevans/obscura/vault.go:182.44,184.31 2 0
github.com/mattevans/obscura/vault.go:184.31,185.37 1 0
github.com/mattevans/obscura/vault.go:185.37,187.4 1 0
github.com/mattevans/obscura/vault.go:189.2,189.11 1 0
github.com/mattevans/obscura/injection/injection.go:40.29,40.50 1 0
github.com/mattevans/obscura/injection/injection.go:43.31,43.53 1 0
github.com/mattevans/obscura/injection/injection.go:46.53,48.29 2 0
github.com/mattevans/obscura/injection/injection.go:48.29,49.57 1 0
github.com/mattevans/obscura/injection/injection.go:49.57,58.4 1 0
github.com/mattevans/obscura/injection/injection.go:60.2,60.16 1 0
github.com/mattevans/obscura/pii/bank.go:22.33,22.50 1 2
github.com/mattevans/obscura/pii/bank.go:25.27,25.48 1 1
github.com/mattevans/obscura/pii/bank.go:28.49,32.2 3 1
github.com/mattevans/obscura/pii/bank.go:35.47,37.2 1 0
github.com/mattevans/obscura/pii/creditcard.go:18.39,18.62 1 2
github.com/mattevans/obscura/pii/creditcard.go:21.33,21.61 1 1
github.com/mattevans/obscura/pii/creditcard.go:24.55,26.2 1 1
github.com/mattevans/obscura/pii/creditcard.go:30.53,35.2 1 1
github.com/mattevans/obscura/pii/crypto.go:20.35,20.54 1 2
github.com/mattevans/obscura/pii/crypto.go:23.29,23.52 1 1
github.com/mattevans/obscura/pii/crypto.go:26.51,30.2 3 1
github.com/mattevans/obscura/pii/email.go:18.34,18.52 1 2
github.com/mattevans/obscura/pii/email.go:21.28,21.50 1 1
github.com/mattevans/obscura/pii/email.go:24.50,26.2 1 5
github.com/mattevans/obscura/pii/govid.go:23.34,23.52 1 2
github.com/mattevans/obscura/pii/govid.go:26.28,26.51 1 1
github.com/mattevans/obscura/pii/govid.go:29.50,34.2 4 1
github.com/mattevans/obscura/pii/govid.go:38.48,40.2 1 0
github.com/mattevans/obscura/pii/network.go:22.36,22.56 1 3
github.com/mattevans/obscura/pii/network.go:25.30,25.54 1 1
github.com/mattevans/obscura/pii/network.go:29.52,34.2 4 2
github.com/mattevans/obscura/pii/phone.go:23.34,23.52 1 1
github.com/mattevans/obscura/pii/phone.go:26.28,26.50 1 1
github.com/mattevans/obscura/pii/phone.go:30.50,32.34 2 0
github.com/mattevans/obscura/pii/phone.go:32.34,34.3 1 0
github.com/mattevans/obscura/pii/phone.go:35.2,35.16 1 0
github.com/mattevans/obscura/pii/pii.go:17.31,27.2 1 1
github.com/mattevans/obscura/pii/pii.go:31.113,33.20 2 19
github.com/mattevans/obscura/pii/pii.go:33.20,35.3 1 9
github.com/mattevans/obscura/pii/pii.go:36.2,37.27 2 10
github.com/mattevans/obscura/pii/pii.go:37.27,46.3 1 11
github.com/mattevans/obscura/pii/pii.go:47.2,47.12 1 10
github.com/mattevans/obscura/preset/preset.go:20.30,33.2 1 0
github.com/mattevans/obscura/preset/preset.go:38.31,47.2 1 0
github.com/mattevans/obscura/preset/preset.go:50.29,57.2 1 0
github.com/mattevans/obscura/secret/aho.go:18.55,24.37 2 0
github.com/mattevans/obscura/secret/aho.go:24.37,25.26 1 0
github.com/mattevans/obscura/secret/aho.go:25.26,27.4 1 0
github.com/mattevans/obscura/secret/aho.go:29.2,30.11 2 0
github.com/mattevans/obscura/secret/aho.go:34.60,37.33 3 0
github.com/mattevans/obscura/secret/aho.go:37.33,39.7 2 0
github.com/mattevans/obscura/secret/aho.go:39.7,40.40 1 0
github.com/mattevans/obscura/secret/aho.go:40.40,42.10 2 0
github.com/mattevans/obscura/secret/aho.go:44.4,44.18 1 0
github.com/mattevans/obscura/secret/aho.go:44.18,45.10 1 0
github.com/mattevans/obscura/secret/aho.go:47.4,47.26 1 0
github.com/mattevans/obscura/secret/aho.go:49.3,49.44 1 0
github.com/mattevans/obscura/secret/aho.go:49.44,51.4 1 0
github.com/mattevans/obscura/secret/aho.go:53.2,53.13 1 0
github.com/mattevans/obscura/secret/aho.go:57.55,59.31 2 0
github.com/mattevans/obscura/secret/aho.go:59.31,62.10 3 0
github.com/mattevans/obscura/secret/aho.go:62.10,68.4 5 0
github.com/mattevans/obscura/secret/aho.go:69.3,69.14 1 0
github.com/mattevans/obscura/secret/aho.go:71.2,71.54 1 0
github.com/mattevans/obscura/secret/aho.go:75.32,77.33 2 0
github.com/mattevans/obscura/secret/aho.go:77.33,80.3 2 0
github.com/mattevans/obscura/secret/aho.go:81.2,81.21 1 0
github.com/mattevans/obscura/secret/aho.go:81.21,84.38 3 0
github.com/mattevans/obscura/secret/aho.go:84.38,87.8 3 0
github.com/mattevans/obscura/secret/aho.go:87.8,88.35 1 0
github.com/mattevans/obscura/secret/aho.go:88.35,90.11 2 0
github.com/mattevans/obscura/secret/aho.go:92.5,92.15 1 0
github.com/mattevans/obscura/secret/aho.go:92.15,94.11 2 0
github.com/mattevans/obscura/secret/aho.go:96.5,96.19 1 0
github.com/mattevans/obscura/secret/aho.go:98.4,98.71 1 0
github.com/mattevans/obscura/secret/aho.go:104.29,106.19 2 0
github.com/mattevans/obscura/secret/aho.go:106.19,108.3 1 0
github.com/mattevans/obscura/secret/aho.go:109.2,109.18 1 0
github.com/mattevans/obscura/secret/aho.go:113.29,114.26 1 0
github.com/mattevans/obscura/secret/aho.go:114.26,116.3 1 0
github.com/mattevans/obscura/secret/aho.go:117.2,117.10 1 0
github.com/mattevans/obscura/secret/entropy.go:8.36,9.13 1 0
github.com/mattevans/obscura/secret/entropy.go:9.13,11.3 1 0
github.com/mattevans/obscura/secret/entropy.go:12.2,13.30 2 0
github.com/mattevans/obscura/secret/entropy.go:13.30,15.3 1 0
github.com/mattevans/obscura/secret/entropy.go:16.2,18.25 3 0
github.com/mattevans/obscura/secret/entropy.go:18.25,19.13 1 0
github.com/mattevans/obscura/secret/entropy.go:19.13,20.12 1 0
github.com/mattevans/obscura/secret/entropy.go:22.3,23.27 2 0
github.com/mattevans/obscura/secret/entropy.go:25.2,25.13 1 0
github.com/mattevans/obscura/secret/rules.go:115.29,116.29 1 0
github.com/mattevans/obscura/secret/rules.go:116.29,118.41 2 0
github.com/mattevans/obscura/secret/rules.go:118.41,120.4 1 0
github.com/mattevans/obscura/secret/rules.go:121.3,121.38 1 0
github.com/mattevans/obscura/secret/rules.go:123.2,123.21 1 0
github.com/mattevans/obscura/secret/rules.go:128.76,130.16 2 0
github.com/mattevans/obscura/secret/rules.go:130.16,131.13 1 0
github.com/mattevans/obscura/secret/rules.go:133.2,133.10 1 0
github.com/mattevans/obscura/secret/secret.go:47.84,49.16 2 0
github.com/mattevans/obscura/secret/secret.go:49.16,51.3 1 0
github.com/mattevans/obscura/secret/secret.go:52.2,52.72 1 0
github.com/mattevans/obscura/secret/secret.go:56.40,59.26 3 0
github.com/mattevans/obscura/secret/secret.go:59.26,61.27 2 0
github.com/mattevans/obscura/secret/secret.go:61.27,63.4 1 0
github.com/mattevans/obscura/secret/secret.go:65.2,69.3 1 0
github.com/mattevans/obscura/secret/secret.go:73.47,75.2 1 0
github.com/mattevans/obscura/secret/secret.go:78.34,78.53 1 0
github.com/mattevans/obscura/secret/secret.go:82.56,84.26 2 0
github.com/mattevans/obscura/secret/secret.go:84.26,86.3 1 0
github.com/mattevans/obscura/secret/secret.go:88.2,89.30 2 0
github.com/mattevans/obscura/secret/secret.go:89.30,91.65 2 0
github.com/mattevans/obscura/secret/secret.go:91.65,94.55 3 0
github.com/mattevans/obscura/secret/secret.go:94.55,95.13 1 0
github.com/mattevans/obscura/secret/secret.go:97.4,104.6 1 0
github.com/mattevans/obscura/secret/secret.go:107.2,107.16 1 0
github.com/mattevans/obscura/secret/secret.go:112.65,114.34 2 0
github.com/mattevans/obscura/secret/secret.go:114.34,116.3 1 0
github.com/mattevans/obscura/secret/secret.go:117.2,117.13 1 0
github.com/mattevans/obscura/secret/secret.go:122.39,123.34 1 0
github.com/mattevans/obscura/secret/secret.go:123.34,125.3 1 0
github.com/mattevans/obscura/secret/secret.go:126.2,126.23 1 0
github.com/mattevans/obscura/secret/secret.go:131.52,133.15 2 0
github.com/mattevans/obscura/secret/secret.go:133.15,134.55 1 0
github.com/mattevans/obscura/secret/secret.go:134.55,136.4 1 0
github.com/mattevans/obscura/secret/secret.go:138.2,138.18 1 0
github.com/mattevans/obscura/secret/secret.go:138.18,140.3 1 0
github.com/mattevans/obscura/secret/secret.go:141.2,141.14 1 0
github.com/mattevans/obscura/secret/tokenfilter/tokenfilter.go:43.34,49.27 2 0
github.com/mattevans/obscura/secret/tokenfilter/tokenfilter.go:49.27,51.3 1 0
github.com/mattevans/obscura/secret/tokenfilter/tokenfilter.go:52.2,52.10 1 0
github.com/mattevans/obscura/secret/tokenfilter/tokenfilter.go:57.50,58.25 1 0
github.com/mattevans/obscura/secret/tokenfilter/tokenfilter.go:58.25,58.46 1 0
github.com/mattevans/obscura/secret/tokenfilter/tokenfilter.go:63.31,64.25 1 0
github.com/mattevans/obscura/secret/tokenfilter/tokenfilter.go:64.25,64.41 1 0
github.com/mattevans/obscura/secret/tokenfilter/tokenfilter.go:68.32,68.68 1 0
github.com/mattevans/obscura/secret/tokenfilter/tokenfilter.go:72.82,73.61 1 0
github.com/mattevans/obscura/secret/tokenfilter/tokenfilter.go:73.61,75.3 1 0
github.com/mattevans/obscura/secret/tokenfilter/tokenfilter.go:76.2,77.12 2 0
github.com/mattevans/obscura/secret/tokenfilter/tokenfilter.go:77.12,79.3 1 0
github.com/mattevans/obscura/secret/tokenfilter/tokenfilter.go:80.2,81.20 2 0
github.com/mattevans/obscura/secret/tokenfilter/tokenfilter.go:81.20,83.3 1 0
github.com/mattevans/obscura/secret/tokenfilter/tokenfilter.go:85.2,86.30 2 0
github.com/mattevans/obscura/secret/tokenfilter/tokenfilter.go:90.33,91.11 1 0
github.com/mattevans/obscura/secret/tokenfilter/tokenfilter.go:91.11,93.3 1 0
github.com/mattevans/obscura/secret/tokenfilter/tokenfilter.go:94.2,94.11 1 0
github.com/mattevans/obscura/secret/tokenfilter/tokenfilter.go:94.11,96.3 1 0
github.com/mattevans/obscura/secret/tokenfilter/tokenfilter.go:97.2,97.10 1 0
github.com/mattevans/obscura/secret/tokenfilter/bpe/bpe.go:41.21,42.23 1 0
github.com/mattevans/obscura/secret/tokenfilter/bpe/bpe.go:42.23,44.17 2 0
github.com/mattevans/obscura/secret/tokenfilter/bpe/bpe.go:44.17,45.40 1 0
github.com/mattevans/obscura/secret/tokenfilter/bpe/bpe.go:47.3,47.15 1 0
github.com/mattevans/obscura/secret/tokenfilter/bpe/bpe.go:49.2,49.15 1 0
github.com/mattevans/obscura/secret/tokenfilter/bpe/bpe.go:53.45,54.13 1 0
github.com/mattevans/obscura/secret/tokenfilter/bpe/bpe.go:54.13,56.3 1 0
github.com/mattevans/obscura/secret/tokenfilter/bpe/bpe.go:59.2,60.30 2 0
github.com/mattevans/obscura/secret/tokenfilter/bpe/bpe.go:60.30,62.3 1 0
github.com/mattevans/obscura/secret/tokenfilter/bpe/bpe.go:65.2,65.24 1 0
github.com/mattevans/obscura/secret/tokenfilter/bpe/bpe.go:65.24,68.39 3 0
github.com/mattevans/obscura/secret/tokenfilter/bpe/bpe.go:68.39,69.76 1 0
github.com/mattevans/obscura/secret/tokenfilter/bpe/bpe.go:69.76,72.5 2 0
github.com/mattevans/obscura/secret/tokenfilter/bpe/bpe.go:74.3,74.17 1 0
github.com/mattevans/obscura/secret/tokenfilter/bpe/bpe.go:74.17,75.9 1 0
github.com/mattevans/obscura/secret/tokenfilter/bpe/bpe.go:77.3,78.62 2 0
github.com/mattevans/obscura/secret/tokenfilter/bpe/bpe.go:80.2,80.21 1 0
github.com/mattevans/obscura/secret/tokenfilter/bpe/bpe.go:84.31,86.16 2 0
github.com/mattevans/obscura/secret/tokenfilter/bpe/bpe.go:86.16,88.3 1 0
github.com/mattevans/obscura/secret/tokenfilter/bpe/bpe.go:89.2,95.16 6 0
github.com/mattevans/obscura/secret/tokenfilter/bpe/bpe.go:95.16,97.49 2 0
github.com/mattevans/obscura/secret/tokenfilter/bpe/bpe.go:97.49,98.12 1 0
github.com/mattevans/obscura/secret/tokenfilter/bpe/bpe.go:100.3,101.10 2 0
github.com/mattevans/obscura/secret/tokenfilter/bpe/bpe.go:101.10,102.12 1 0
github.com/mattevans/obscura/secret/tokenfilter/bpe/bpe.go:104.3,105.9 2 0
github.com/mattevans/obscura/secret/tokenfilter/bpe/bpe.go:107.2,107.33 1 0
github.com/mattevans/obscura/secret/tokenfilter/bpe/bpe.go:107.33,109.3 1 0
github.com/mattevans/obscura/secret/tokenfilter/bpe/bpe.go:111.2,111.65 1 0
github.com/mattevans/obscura/secret/tokenfilter/bpe/bpe.go:116.32,122.28 4 0
github.com/mattevans/obscura/secret/tokenfilter/bpe/bpe.go:122.28,123.35 1 0
github.com/mattevans/obscura/secret/tokenfilter/bpe/bpe.go:123.35,126.4 2 0
github.com/mattevans/obscura/secret/tokenfilter/bpe/bpe.go:129.2,130.27 2 0
github.com/mattevans/obscura/secret/tokenfilter/bpe/bpe.go:130.27,131.18 1 0
github.com/mattevans/obscura/secret/tokenfilter/bpe/bpe.go:131.18,132.12 1 0
github.com/mattevans/obscura/secret/tokenfilter/bpe/bpe.go:134.3,135.6 2 0
github.com/mattevans/obscura/secret/tokenfilter/bpe/bpe.go:137.2,137.14 1 0
github.com/mattevans/obscura/transport/body.go:28.50,30.26 2 0
github.com/mattevans/obscura/transport/body.go:30.26,32.3 1 0
github.com/mattevans/obscura/transport/body.go:33.2,33.12 1 0
github.com/mattevans/obscura/transport/body.go:39.92,41.52 2 0
github.com/mattevans/obscura/transport/body.go:41.52,43.3 1 0
github.com/mattevans/obscura/transport/body.go:44.2,44.26 1 0
github.com/mattevans/obscura/transport/body.go:44.26,46.3 1 0
github.com/mattevans/obscura/transport/body.go:47.2,47.27 1 0
github.com/mattevans/obscura/transport/body.go:53.70,54.20 1 0
github.com/mattevans/obscura/transport/body.go:54.20,55.35 1 0
github.com/mattevans/obscura/transport/body.go:55.35,57.4 1 0
github.com/mattevans/obscura/transport/body.go:58.3,58.14 1 0
github.com/mattevans/obscura/transport/body.go:61.2,62.26 2 0
github.com/mattevans/obscura/transport/body.go:63.22,64.17 1 0
github.com/mattevans/obscura/transport/body.go:64.17,65.24 1 0
github.com/mattevans/obscura/transport/body.go:65.24,67.5 1 0
github.com/mattevans/obscura/transport/body.go:68.4,68.12 1 0
github.com/mattevans/obscura/transport/body.go:70.3,70.26 1 0
github.com/mattevans/obscura/transport/body.go:70.26,72.4 1 0
github.com/mattevans/obscura/transport/body.go:73.3,73.11 1 0
github.com/mattevans/obscura/transport/body.go:74.13,75.17 1 0
github.com/mattevans/obscura/transport/body.go:75.17,76.24 1 0
github.com/mattevans/obscura/transport/body.go:76.24,78.5 1 0
github.com/mattevans/obscura/transport/body.go:80.3,80.11 1 0
github.com/mattevans/obscura/transport/body.go:81.10,82.14 1 0
github.com/mattevans/obscura/transport/body.go:87.75,89.2 1 0
github.com/mattevans/obscura/transport/body.go:92.53,93.33 1 0
github.com/mattevans/obscura/transport/body.go:93.33,96.12 3 0
github.com/mattevans/obscura/transport/body.go:96.12,98.4 1 0
github.com/mattevans/obscura/transport/body.go:99.3,99.10 1 0
github.com/mattevans/obscura/transport/body.go:100.22,102.16 2 0
github.com/mattevans/obscura/transport/body.go:103.19,104.17 1 0
github.com/mattevans/obscura/transport/body.go:107.2,107.31 1 0
github.com/mattevans/obscura/transport/body.go:107.31,109.3 1 0
github.com/mattevans/obscura/transport/body.go:110.2,110.22 1 0
github.com/mattevans/obscura/transport/body.go:114.39,114.63 1 0
github.com/mattevans/obscura/transport/roundtripper.go:45.89,46.17 1 0
github.com/mattevans/obscura/transport/roundtripper.go:46.17,48.3 1 0
github.com/mattevans/obscura/transport/roundtripper.go:49.2,50.27 2 0
github.com/mattevans/obscura/transport/roundtripper.go:50.27,52.3 1 0
github.com/mattevans/obscura/transport/roundtripper.go:53.2,53.10 1 0
github.com/mattevans/obscura/transport/roundtripper.go:58.45,59.28 1 0
github.com/mattevans/obscura/transport/roundtripper.go:59.28,59.86 1 0
github.com/mattevans/obscura/transport/roundtripper.go:64.38,65.28 1 0
github.com/mattevans/obscura/transport/roundtripper.go:65.28,65.50 1 0
github.com/mattevans/obscura/transport/roundtripper.go:70.24,71.28 1 0
github.com/mattevans/obscura/transport/roundtripper.go:71.28,71.49 1 0
github.com/mattevans/obscura/transport/roundtripper.go:76.74,78.16 2 0
github.com/mattevans/obscura/transport/roundtripper.go:78.16,80.3 1 0
github.com/mattevans/obscura/transport/roundtripper.go:82.2,83.16 2 0
github.com/mattevans/obscura/transport/roundtripper.go:83.16,85.3 1 0
github.com/mattevans/obscura/transport/roundtripper.go:87.2,87.74 1 0
github.com/mattevans/obscura/transport/roundtripper.go:87.74,91.3 3 0
github.com/mattevans/obscura/transport/roundtripper.go:92.2,92.18 1 0
github.com/mattevans/obscura/transport/roundtripper.go:98.93,99.43 1 0
github.com/mattevans/obscura/transport/roundtripper.go:99.43,101.3 1 0
github.com/mattevans/obscura/transport/roundtripper.go:103.2,105.16 3 0
github.com/mattevans/obscura/transport/roundtripper.go:105.16,107.3 1 0
github.com/mattevans/obscura/transport/roundtripper.go:109.2,111.16 3 0
github.com/mattevans/obscura/transport/roundtripper.go:111.16,112.17 1 0
github.com/mattevans/obscura/transport/roundtripper.go:112.17,114.4 1 0
github.com/mattevans/obscura/transport/roundtripper.go:115.3,115.65 1 0
github.com/mattevans/obscura/transport/roundtripper.go:118.2,118.56 1 0
github.com/mattevans/obscura/transport/roundtripper.go:123.66,127.48 4 0
github.com/mattevans/obscura/transport/roundtripper.go:127.48,129.3 1 0
github.com/mattevans/obscura/transport/roundtripper.go:130.2,130.14 1 0
github.com/mattevans/obscura/config.go:30.38,31.25 1 1
github.com/mattevans/obscura/config.go:31.25,31.65 1 1
github.com/mattevans/obscura/config.go:35.43,36.25 1 0
github.com/mattevans/obscura/config.go:36.25,36.69 1 0
github.com/mattevans/obscura/config.go:40.52,41.25 1 0
github.com/mattevans/obscura/config.go:41.25,41.59 1 0
github.com/mattevans/obscura/config.go:46.34,47.25 1 0
github.com/mattevans/obscura/config.go:47.25,47.61 1 0
github.com/mattevans/obscura/config.go:51.45,52.25 1 0
github.com/mattevans/obscura/config.go:52.25,52.65 1 0
github.com/mattevans/obscura/config.go:56.44,57.25 1 0
github.com/mattevans/obscura/config.go:57.25,57.63 1 0
github.com/mattevans/obscura/config.go:61.45,62.25 1 0
github.com/mattevans/obscura/config.go:62.25,62.51 1 0
github.com/mattevans/obscura/config.go:66.54,67.25 1 0
github.com/mattevans/obscura/config.go:67.25,67.40 1 0
github.com/mattevans/obscura/config.go:72.45,73.25 1 0
github.com/mattevans/obscura/config.go:73.25,75.27 2 0
github.com/mattevans/obscura/config.go:75.27,77.4 1 0
github.com/mattevans/obscura/config.go:83.37,99.2 1 1
github.com/mattevans/obscura/filter.go:62.29,62.52 1 0
github.com/mattevans/obscura/filter.go:65.33,65.60 1 0
github.com/mattevans/obscura/filter.go:68.47,68.89 1 0
github.com/mattevans/obscura/filter.go:73.65,80.2 1 0
github.com/mattevans/obscura/filter.go:82.45,84.27 2 0
github.com/mattevans/obscura/filter.go:84.27,86.3 1 0
github.com/mattevans/obscura/filter.go:87.2,87.33 1 0
github.com/mattevans/obscura/filter.go:90.44,92.27 2 0
github.com/mattevans/obscura/filter.go:92.27,94.3 1 0
github.com/mattevans/obscura/filter.go:95.2,95.32 1 0
github.com/mattevans/obscura/filter.go:98.44,98.79 1 1
github.com/mattevans/obscura/filter.go:101.33,101.54 1 0
github.com/mattevans/obscura/filter.go:104.67,105.30 1 0
github.com/mattevans/obscura/filter.go:105.30,107.3 1 0
github.com/mattevans/obscura/filter.go:108.2,108.25 1 0
github.com/mattevans/obscura/filter.go:108.25,110.3 1 0
github.com/mattevans/obscura/filter.go:111.2,111.22 1 0
github.com/mattevans/obscura/filter.go:115.37,115.62 1 0
github.com/mattevans/obscura/filter.go:118.71,119.16 1 0
github.com/mattevans/obscura/filter.go:120.16,121.26 1 0
github.com/mattevans/obscura/filter.go:121.26,123.4 1 0
github.com/mattevans/obscura/filter.go:124.19,125.25 1 0
github.com/mattevans/obscura/filter.go:125.25,127.4 1 0
github.com/mattevans/obscura/filter.go:129.2,129.22 1 0
github.com/mattevans/obscura/filter.go:133.36,133.63 1 0
github.com/mattevans/obscura/filter.go:136.72,137.44 1 0
github.com/mattevans/obscura/filter.go:137.44,139.3 1 0
github.com/mattevans/obscura/filter.go:140.2,140.38 1 0
github.com/mattevans/obscura/filter.go:140.38,142.3 1 0
github.com/mattevans/obscura/filter.go:143.2,143.22 1 0
github.com/mattevans/obscura/filter.go:147.43,147.75 1 0
github.com/mattevans/obscura/filter.go:151.80,152.26 1 0
github.com/mattevans/obscura/filter.go:152.26,154.3 1 0
github.com/mattevans/obscura/filter.go:155.2,156.20 2 0
github.com/mattevans/obscura/filter.go:156.20,158.3 1 0
github.com/mattevans/obscura/filter.go:159.2,159.38 1 0
github.com/mattevans/obscura/filter.go:159.38,161.3 1 0
github.com/mattevans/obscura/filter.go:162.2,162.17 1 0
github.com/mattevans/obscura/filter.go:162.17,164.3 1 0
github.com/mattevans/obscura/filter.go:165.2,165.22 1 0
github.com/mattevans/obscura/filter.go:169.34,169.63 1 0
github.com/mattevans/obscura/filter.go:172.70,173.36 1 0
github.com/mattevans/obscura/filter.go:173.36,175.3 1 0
github.com/mattevans/obscura/filter.go:176.2,176.22 1 0
github.com/mattevans/obscura/filter.go:180.33,180.61 1 0
github.com/mattevans/obscura/filter.go:183.69,184.36 1 0
github.com/mattevans/obscura/filter.go:184.36,186.3 1 0
github.com/mattevans/obscura/filter.go:187.2,187.22 1 0
github.com/mattevans/obscura/filter.go:191.37,191.66 1 0
github.com/mattevans/obscura/filter.go:194.73,195.21 1 1
github.com/mattevans/obscura/filter.go:195.21,197.3 1 0
github.com/mattevans/obscura/filter.go:198.2,198.22 1 1
github.com/mattevans/obscura/filter.go:203.86,207.27 4 0
github.com/mattevans/obscura/filter.go:207.27,208.36 1 0
github.com/mattevans/obscura/filter.go:208.36,210.4 1 0
github.com/mattevans/obscura/filter.go:212.2,212.14 1 0
github.com/mattevans/obscura/filter.go:217.38,222.2 1 0
github.com/mattevans/obscura/filter.go:226.31,230.35 4 0
github.com/mattevans/obscura/filter.go:230.35,232.25 2 0
github.com/mattevans/obscura/filter.go:232.25,233.12 1 0
github.com/mattevans/obscura/filter.go:235.3,237.10 3 0
github.com/mattevans/obscura/filter.go:237.10,239.13 2 0
github.com/mattevans/obscura/filter.go:239.13,241.5 1 0
github.com/mattevans/obscura/filter.go:243.3,244.13 2 0
github.com/mattevans/obscura/filter.go:246.2,246.33 1 0
github.com/mattevans/obscura/filter.go:250.31,253.30 3 0
github.com/mattevans/obscura/filter.go:253.30,255.27 2 0
github.com/mattevans/obscura/filter.go:255.27,256.12 1 0
github.com/mattevans/obscura/filter.go:258.3,258.17 1 0
github.com/mattevans/obscura/filter.go:260.2,261.38 2 0
github.com/mattevans/obscura/filter.go:261.38,263.3 1 0
github.com/mattevans/obscura/filter.go:265.2,268.39 4 0
github.com/mattevans/obscura/filter.go:268.39,270.10 2 0
github.com/mattevans/obscura/filter.go:271.29,272.23 1 0
github.com/mattevans/obscura/filter.go:273.29,274.49 1 0
github.com/mattevans/obscura/filter.go:275.11,276.16 1 0
github.com/mattevans/obscura/filter.go:279.2,279.36 1 0
github.com/mattevans/obscura/filter.go:283.30,286.39 3 0
github.com/mattevans/obscura/filter.go:286.39,288.25 2 0
github.com/mattevans/obscura/filter.go:288.25,289.12 1 0
github.com/mattevans/obscura/filter.go:291.3,292.6 2 0
github.com/mattevans/obscura/filter.go:294.2,294.12 1 0
github.com/mattevans/obscura/filter.go:294.12,296.3 1 0
github.com/mattevans/obscura/filter.go:297.2,298.20 2 0
github.com/mattevans/obscura/filter.go:302.31,304.35 2 0
github.com/mattevans/obscura/filter.go:304.35,306.3 1 0
github.com/mattevans/obscura/filter.go:307.2,307.12 1 0
github.com/mattevans/obscura/filter.go:311.29,312.12 1 0
github.com/mattevans/obscura/filter.go:312.12,314.3 1 0
github.com/mattevans/obscura/filter.go:315.2,315.56 1 0
github.com/mattevans/obscura/filter.go:319.36,320.13 1 0
github.com/mattevans/obscura/filter.go:320.13,322.3 1 0
github.com/mattevans/obscura/filter.go:323.2,324.30 2 0
github.com/mattevans/obscura/filter.go:324.30,326.3 1 0
github.com/mattevans/obscura/filter.go:327.2,329.25 3 0
github.com/mattevans/obscura/filter.go:329.25,330.13 1 0
github.com/mattevans/obscura/filter.go:330.13,331.12 1 0
github.com/mattevans/obscura/filter.go:333.3,334.27 2 0
github.com/mattevans/obscura/filter.go:336.2,336.13 1 0
github.com/mattevans/obscura/filter.go:340.33,341.11 1 0
github.com/mattevans/obscura/filter.go:341.11,343.3 1 0
github.com/mattevans/obscura/filter.go:344.2,344.11 1 0
github.com/mattevans/obscura/filter.go:344.11,346.3 1 0
github.com/mattevans/obscura/filter.go:347.2,347.10 1 0
github.com/mattevans/obscura/obscura.go:28.36,34.27 2 1
github.com/mattevans/obscura/obscura.go:34.27,36.3 1 1
github.com/mattevans/obscura/obscura.go:38.2,47.3 1 1
github.com/mattevans/obscura/obscura.go:52.57,55.2 2 1
github.com/mattevans/obscura/obscura.go:59.92,63.16 3 0
github.com/mattevans/obscura/obscura.go:63.16,65.3 1 0
github.com/mattevans/obscura/obscura.go:66.2,70.22 4 0
github.com/mattevans/obscura/obscura.go:75.50,77.2 1 0
github.com/mattevans/obscura/obscura.go:80.48,82.32 2 1
github.com/mattevans/obscura/obscura.go:82.32,84.3 1 1
github.com/mattevans/obscura/obscura.go:85.2,85.16 1 1
github.com/mattevans/obscura/obscura.go:91.85,92.24 1 0
github.com/mattevans/obscura/obscura.go:92.24,94.3 1 0
github.com/mattevans/obscura/obscura.go:95.2,95.34 1 0
github.com/mattevans/obscura/obscura.go:95.34,97.3 1 0
github.com/mattevans/obscura/obscura.go:99.2,106.29 7 0
github.com/mattevans/obscura/obscura.go:106.29,107.13 1 0
github.com/mattevans/obscura/obscura.go:107.13,110.18 3 0
github.com/mattevans/obscura/obscura.go:110.18,114.5 3 0
github.com/mattevans/obscura/obscura.go:115.4,115.19 1 0
github.com/mattevans/obscura/obscura.go:118.2,120.27 2 0
github.com/mattevans/obscura/obscura.go:120.27,121.17 1 0
github.com/mattevans/obscura/obscura.go:121.17,123.4 1 0
github.com/mattevans/obscura/obscura.go:126.2,127.29 2 0
github.com/mattevans/obscura/obscura.go:127.29,129.3 1 0
github.com/mattevans/obscura/obscura.go:130.2,130.20 1 0
github.com/mattevans/obscura/obscura.go:135.69,138.31 3 1
github.com/mattevans/obscura/obscura.go:138.31,139.48 1 1
github.com/mattevans/obscura/obscura.go:139.48,141.4 1 1
github.com/mattevans/obscura/obscura.go:143.2,143.49 1 1
github.com/mattevans/obscura/obscura.go:148.74,149.30 1 1
github.com/mattevans/obscura/obscura.go:149.30,151.12 2 1
github.com/mattevans/obscura/obscura.go:151.12,153.4 1 0
github.com/mattevans/obscura/obscura.go:154.3,154.18 1 1
github.com/mattevans/obscura/obscura.go:156.2,156.16 1 1
github.com/mattevans/obscura/obscura.go:161.75,164.2 2 1
github.com/mattevans/obscura/obscura.go:169.79,170.23 1 1
github.com/mattevans/obscura/obscura.go:170.23,172.3 1 0
github.com/mattevans/obscura/obscura.go:174.2,177.28 4 1
github.com/mattevans/obscura/obscura.go:177.28,178.41 1 1
github.com/mattevans/obscura/obscura.go:178.41,179.12 1 0
github.com/mattevans/obscura/obscura.go:181.3,183.14 3 1
github.com/mattevans/obscura/obscura.go:185.2,186.19 2 1
github.com/mattevans/obscura/obscura.go:193.45,195.24 2 1
github.com/mattevans/obscura/obscura.go:195.24,197.3 1 0
github.com/mattevans/obscura/obscura.go:198.2,200.23 3 1
github.com/mattevans/obscura/obscura.go:200.23,202.3 1 0
github.com/mattevans/obscura/obscura.go:203.2,204.14 2 1
github.com/mattevans/obscura/obscura.go:209.53,212.30 3 1
github.com/mattevans/obscura/obscura.go:212.30,214.10 2 1
github.com/mattevans/obscura/obscura.go:214.10,215.12 1 1
github.com/mattevans/obscura/obscura.go:217.3,217.41 1 0
github.com/mattevans/obscura/obscura.go:217.41,218.37 1 0
github.com/mattevans/obscura/obscura.go:218.37,219.13 1 0
github.com/mattevans/obscura/obscura.go:221.4,222.24 2 0
github.com/mattevans/obscura/obscura.go:225.2,225.44 1 1
github.com/mattevans/obscura/obscura.go:225.44,225.84 1 0
github.com/mattevans/obscura/obscura.go:226.2,226.12 1 1
github.com/mattevans/obscura/placeholder.go:32.38,32.76 1 1
github.com/mattevans/obscura/placeholder.go:35.36,35.72 1 0
github.com/mattevans/obscura/placeholder.go:39.55,39.92 1 0
github.com/mattevans/obscura/placeholder.go:41.57,45.2 2 1
github.com/mattevans/obscura/placeholder.go:48.54,50.2 1 1
github.com/mattevans/obscura/placeholder.go:53.56,55.14 2 0
github.com/mattevans/obscura/placeholder.go:55.14,57.3 1 0
github.com/mattevans/obscura/placeholder.go:58.2,59.16 2 0
github.com/mattevans/obscura/placeholder.go:59.16,61.3 1 0
github.com/mattevans/obscura/placeholder.go:62.2,62.28 1 0
github.com/mattevans/obscura/placeholder.go:66.36,66.53 1 0
github.com/mattevans/obscura/placeholder.go:69.37,69.55 1 0
github.com/mattevans/obscura/resolve.go:12.70,13.23 1 1
github.com/mattevans/obscura/resolve.go:13.23,15.3 1 1
github.com/mattevans/obscura/resolve.go:17.2,19.48 3 0
github.com/mattevans/obscura/resolve.go:19.48,21.3 1 0
github.com/mattevans/obscura/resolve.go:23.2,24.28 2 0
github.com/mattevans/obscura/resolve.go:24.28,25.31 1 0
github.com/mattevans/obscura/resolve.go:25.31,26.12 1 0
github.com/mattevans/obscura/resolve.go:28.3,28.33 1 0
github.com/mattevans/obscura/resolve.go:31.2,31.49 1 0
github.com/mattevans/obscura/resolve.go:31.49,33.3 1 0
github.com/mattevans/obscura/resolve.go:34.2,34.17 1 0
github.com/mattevans/obscura/resolve.go:38.51,39.60 1 0
github.com/mattevans/obscura/resolve.go:39.60,41.3 1 0
github.com/mattevans/obscura/resolve.go:42.2,42.24 1 0
github.com/mattevans/obscura/resolve.go:42.24,44.3 1 0
github.com/mattevans/obscura/resolve.go:45.2,45.54 1 0
github.com/mattevans/obscura/resolve.go:45.54,47.3 1 0
github.com/mattevans/obscura/resolve.go:48.2,48.26 1 0
github.com/mattevans/obscura/resolve.go:52.50,53.29 1 0
github.com/mattevans/obscura/resolve.go:53.29,54.41 1 0
github.com/mattevans/obscura/resolve.go:54.41,56.4 1 0
github.com/mattevans/obscura/resolve.go:58.2,58.14 1 0
github.com/mattevans/obscura/session.go:15.42,17.2 1 0
github.com/mattevans/obscura/session.go:21.49,24.2 2 0
github.com/mattevans/obscura/session.go:28.37,28.54 1 0
github.com/mattevans/obscura/vault.go:38.46,45.2 1 1
github.com/mattevans/obscura/vault.go:49.50,50.25 1 1
github.com/mattevans/obscura/vault.go:50.25,52.3 1 0
github.com/mattevans/obscura/vault.go:53.2,54.31 2 1
github.com/mattevans/obscura/vault.go:54.31,56.3 1 1
github.com/mattevans/obscura/vault.go:57.2,57.57 1 1
github.com/mattevans/obscura/vault.go:62.55,64.2 1 0
github.com/mattevans/obscura/vault.go:67.27,67.52 1 0
github.com/mattevans/obscura/vault.go:70.39,72.2 1 0
github.com/mattevans/obscura/vault.go:77.53,80.14 3 0
github.com/mattevans/obscura/vault.go:80.14,82.3 1 0
github.com/mattevans/obscura/vault.go:83.2,85.12 3 0
github.com/mattevans/obscura/vault.go:90.42,91.23 1 0
github.com/mattevans/obscura/vault.go:91.23,93.3 1 0
github.com/mattevans/obscura/vault.go:94.2,96.12 3 0
github.com/mattevans/obscura/vault.go:101.64,102.38 1 1
github.com/mattevans/obscura/vault.go:102.38,103.33 1 0
github.com/mattevans/obscura/vault.go:103.33,105.4 1 0
github.com/mattevans/obscura/vault.go:107.2,111.9 4 1
github.com/mattevans/obscura/vault.go:111.9,114.3 2 1
github.com/mattevans/obscura/vault.go:115.2,117.11 3 1
github.com/mattevans/obscura/vault.go:124.50,126.43 1 0
github.com/mattevans/obscura/vault.go:126.43,128.3 1 0
github.com/mattevans/obscura/vault.go:130.2,130.33 1 0
github.com/mattevans/obscura/vault.go:136.50,140.6 4 0
github.com/mattevans/obscura/vault.go:140.6,142.14 2 0
github.com/mattevans/obscura/vault.go:142.14,143.9 1 0
github.com/mattevans/obscura/vault.go:146.3,146.61 1 0
github.com/mattevans/obscura/vault.go:146.61,148.4 1 0
github.com/mattevans/obscura/vault.go:150.3,150.24 1 0
github.com/mattevans/obscura/vault.go:153.2,153.51 1 0
github.com/mattevans/obscura/vault.go:153.51,155.3 1 0
github.com/mattevans/obscura/vault.go:156.2,156.21 1 0
github.com/mattevans/obscura/vault.go:161.36,162.17 1 0
github.com/mattevans/obscura/vault.go:162.17,164.3 1 0
github.com/mattevans/obscura/vault.go:166.2,166.62 1 0
github.com/mattevans/obscura/vault.go:166.62,167.24 1 0
github.com/mattevans/obscura/vault.go:167.24,168.12 1 0
github.com/mattevans/obscura/vault.go:170.3,170.27 1 0
github.com/mattevans/obscura/vault.go:170.27,171.74 1 0
github.com/mattevans/obscura/vault.go:171.74,173.5 1 0
github.com/mattevans/obscura/vault.go:174.4,174.12 1 0
github.com/mattevans/obscura/vault.go:177.2,177.15 1 0
github.com/mattevans/obscura/vault.go:182.44,184.31 2 0
github.com/mattevans/obscura/vault.go:184.31,185.37 1 0
github.com/mattevans/obscura/vault.go:185.37,187.4 1 0
github.com/mattevans/obscura/vault.go:189.2,189.11 1 0
github.com/mattevans/obscura/injection/injection.go:40.29,40.50 1 0
github.com/mattevans/obscura/injection/injection.go:43.31,43.53 1 0
github.com/mattevans/obscura/injection/injection.go:46.53,48.29 2 0
github.com/mattevans/obscura/injection/injection.go:48.29,49.57 1 0
github.com/mattevans/obscura/injection/injection.go:49.57,58.4 1 0
github.com/mattevans/obscura/injection/injection.go:60.2,60.16 1 0
github.com/mattevans/obscura/pii/bank.go:22.33,22.50 1 0
github.com/mattevans/obscura/pii/bank.go:25.27,25.48 1 0
github.com/mattevans/obscura/pii/bank.go:28.49,32.2 3 0
github.com/mattevans/obscura/pii/bank.go:35.47,37.2 1 0
github.com/mattevans/obscura/pii/creditcard.go:18.39,18.62 1 0
github.com/mattevans/obscura/pii/creditcard.go:21.33,21.61 1 0
github.com/mattevans/obscura/pii/creditcard.go:24.55,26.2 1 0
github.com/mattevans/obscura/pii/creditcard.go:30.53,35.2 1 0
github.com/mattevans/obscura/pii/crypto.go:20.35,20.54 1 0
github.com/mattevans/obscura/pii/crypto.go:23.29,23.52 1 0
github.com/mattevans/obscura/pii/crypto.go:26.51,30.2 3 0
github.com/mattevans/obscura/pii/email.go:18.34,18.52 1 0
github.com/mattevans/obscura/pii/email.go:21.28,21.50 1 0
github.com/mattevans/obscura/pii/email.go:24.50,26.2 1 0
github.com/mattevans/obscura/pii/govid.go:23.34,23.52 1 0
github.com/mattevans/obscura/pii/govid.go:26.28,26.51 1 0
github.com/mattevans/obscura/pii/govid.go:29.50,34.2 4 0
github.com/mattevans/obscura/pii/govid.go:38.48,40.2 1 0
github.com/mattevans/obscura/pii/network.go:22.36,22.56 1 0
github.com/mattevans/obscura/pii/network.go:25.30,25.54 1 0
github.com/mattevans/obscura/pii/network.go:29.52,34.2 4 0
github.com/mattevans/obscura/pii/phone.go:23.34,23.52 1 0
github.com/mattevans/obscura/pii/phone.go:26.28,26.50 1 0
github.com/mattevans/obscura/pii/phone.go:30.50,32.34 2 0
github.com/mattevans/obscura/pii/phone.go:32.34,34.3 1 0
github.com/mattevans/obscura/pii/phone.go:35.2,35.16 1 0
github.com/mattevans/obscura/pii/pii.go:17.31,27.2 1 0
github.com/mattevans/obscura/pii/pii.go:31.113,33.20 2 0
github.com/mattevans/obscura/pii/pii.go:33.20,35.3 1 0
github.com/mattevans/obscura/pii/pii.go:36.2,37.27 2 0
github.com/mattevans/obscura/pii/pii.go:37.27,46.3 1 0
github.com/mattevans/obscura/pii/pii.go:47.2,47.12 1 0
github.com/mattevans/obscura/preset/preset.go:20.30,33.2 1 0
github.com/mattevans/obscura/preset/preset.go:38.31,47.2 1 0
github.com/mattevans/obscura/preset/preset.go:50.29,57.2 1 0
github.com/mattevans/obscura/secret/aho.go:18.55,24.37 2 2
github.com/mattevans/obscura/secret/aho.go:24.37,25.26 1 18
github.com/mattevans/obscura/secret/aho.go:25.26,27.4 1 40
github.com/mattevans/obscura/secret/aho.go:29.2,30.11 2 2
github.com/mattevans/obscura/secret/aho.go:34.60,37.33 3 12
github.com/mattevans/obscura/secret/aho.go:37.33,39.7 2 491
github.com/mattevans/obscura/secret/aho.go:39.7,40.40 1 653
github.com/mattevans/obscura/secret/aho.go:40.40,42.10 2 213
github.com/mattevans/obscura/secret/aho.go:44.4,44.18 1 440
github.com/mattevans/obscura/secret/aho.go:44.18,45.10 1 278
github.com/mattevans/obscura/secret/aho.go:47.4,47.26 1 162
[...]
github.com/mattevans/obscura/resolve.go:17.2,19.48 3 2
github.com/mattevans/obscura/resolve.go:19.48,21.3 1 2
github.com/mattevans/obscura/resolve.go:23.2,24.28 2 2
github.com/mattevans/obscura/resolve.go:24.28,25.31 1 4
github.com/mattevans/obscura/resolve.go:25.31,26.12 1 0
github.com/mattevans/obscura/resolve.go:28.3,28.33 1 4
github.com/mattevans/obscura/resolve.go:31.2,31.49 1 2
github.com/mattevans/obscura/resolve.go:31.49,33.3 1 2
github.com/mattevans/obscura/resolve.go:34.2,34.17 1 2
github.com/mattevans/obscura/resolve.go:38.51,39.60 1 2
github.com/mattevans/obscura/resolve.go:39.60,41.3 1 2
github.com/mattevans/obscura/resolve.go:42.2,42.24 1 0
github.com/mattevans/obscura/resolve.go:42.24,44.3 1 0
github.com/mattevans/obscura/resolve.go:45.2,45.54 1 0
github.com/mattevans/obscura/resolve.go:45.54,47.3 1 0
github.com/mattevans/obscura/resolve.go:48.2,48.26 1 0
github.com/mattevans/obscura/resolve.go:52.50,53.29 1 4
github.com/mattevans/obscura/resolve.go:53.29,54.41 1 2
github.com/mattevans/obscura/resolve.go:54.41,56.4 1 0
github.com/mattevans/obscura/resolve.go:58.2,58.14 1 4
github.com/mattevans/obscura/session.go:15.42,17.2 1 0
github.com/mattevans/obscura/session.go:21.49,24.2 2 0
github.com/mattevans/obscura/session.go:28.37,28.54 1 0
github.com/mattevans/obscura/vault.go:38.46,45.2 1 3
github.com/mattevans/obscura/vault.go:49.50,50.25 1 1
github.com/mattevans/obscura/vault.go:50.25,52.3 1 0
github.com/mattevans/obscura/vault.go:53.2,54.31 2 1
github.com/mattevans/obscura/vault.go:54.31,56.3 1 1
github.com/mattevans/obscura/vault.go:57.2,57.57 1 1
github.com/mattevans/obscura/vault.go:62.55,64.2 1 0
github.com/mattevans/obscura/vault.go:67.27,67.52 1 0
github.com/mattevans/obscura/vault.go:70.39,72.2 1 0
github.com/mattevans/obscura/vault.go:77.53,80.14 3 0
github.com/mattevans/obscura/vault.go:80.14,82.3 1 0
github.com/mattevans/obscura/vault.go:83.2,85.12 3 0
github.com/mattevans/obscura/vault.go:90.42,91.23 1 0
github.com/mattevans/obscura/vault.go:91.23,93.3 1 0
github.com/mattevans/obscura/vault.go:94.2,96.12 3 0
github.com/mattevans/obscura/vault.go:101.64,102.38 1 5
github.com/mattevans/obscura/vault.go:102.38,103.33 1 0
github.com/mattevans/obscura/vault.go:103.33,105.4 1 0
github.com/mattevans/obscura/vault.go:107.2,111.9 4 5
github.com/mattevans/obscura/vault.go:111.9,114.3 2 5
github.com/mattevans/obscura/vault.go:115.2,117.11 3 5
github.com/mattevans/obscura/vault.go:124.50,126.43 1 0
github.com/mattevans/obscura/vault.go:126.43,128.3 1 0
github.com/mattevans/obscura/vault.go:130.2,130.33 1 0
github.com/mattevans/obscura/vault.go:136.50,140.6 4 0
github.com/mattevans/obscura/vault.go:140.6,142.14 2 0
github.com/mattevans/obscura/vault.go:142.14,143.9 1 0
github.com/mattevans/obscura/vault.go:146.3,146.61 1 0
github.com/mattevans/obscura/vault.go:146.61,148.4 1 0
github.com/mattevans/obscura/vault.go:150.3,150.24 1 0
github.com/mattevans/obscura/vault.go:153.2,153.51 1 0
github.com/mattevans/obscura/vault.go:153.51,155.3 1 0
github.com/mattevans/obscura/vault.go:156.2,156.21 1 0
github.com/mattevans/obscura/vault.go:161.36,162.17 1 0
github.com/mattevans/obscura/vault.go:162.17,164.3 1 0
github.com/mattevans/obscura/vault.go:166.2,166.62 1 0
github.com/mattevans/obscura/vault.go:166.62,167.24 1 0
github.com/mattevans/obscura/vault.go:167.24,168.12 1 0
github.com/mattevans/obscura/vault.go:170.3,170.27 1 0
github.com/mattevans/obscura/vault.go:170.27,171.74 1 0
github.com/mattevans/obscura/vault.go:171.74,173.5 1 0
github.com/mattevans/obscura/vault.go:174.4,174.12 1 0
github.com/mattevans/obscura/vault.go:177.2,177.15 1 0
github.com/mattevans/obscura/vault.go:182.44,184.31 2 0
github.com/mattevans/obscura/vault.go:184.31,185.37 1 0
github.com/mattevans/obscura/vault.go:185.37,187.4 1 0
github.com/mattevans/obscura/vault.go:189.2,189.11 1 0
github.com/mattevans/obscura/injection/injection.go:40.29,40.50 1 0
github.com/mattevans/obscura/injection/injection.go:43.31,43.53 1 0
github.com/mattevans/obscura/injection/injection.go:46.53,48.29 2 0
github.com/mattevans/obscura/injection/injection.go:48.29,49.57 1 0
github.com/mattevans/obscura/injection/injection.go:49.57,58.4 1 0
github.com/mattevans/obscura/injection/injection.go:60.2,60.16 1 0
github.com/mattevans/obscura/pii/bank.go:22.33,22.50 1 2
github.com/mattevans/obscura/pii/bank.go:25.27,25.48 1 0
github.com/mattevans/obscura/pii/bank.go:28.49,32.2 3 2
github.com/mattevans/obscura/pii/bank.go:35.47,37.2 1 2
github.com/mattevans/obscura/pii/creditcard.go:18.39,18.62 1 1
github.com/mattevans/obscura/pii/creditcard.go:21.33,21.61 1 0
github.com/mattevans/obscura/pii/creditcard.go:24.55,26.2 1 1
github.com/mattevans/obscura/pii/creditcard.go:30.53,35.2 1 1
github.com/mattevans/obscura/pii/crypto.go:20.35,20.54 1 1
github.com/mattevans/obscura/pii/crypto.go:23.29,23.52 1 0
github.com/mattevans/obscura/pii/crypto.go:26.51,30.2 3 1
github.com/mattevans/obscura/pii/email.go:18.34,18.52 1 2
github.com/mattevans/obscura/pii/email.go:21.28,21.50 1 0
github.com/mattevans/obscura/pii/email.go:24.50,26.2 1 2
github.com/mattevans/obscura/pii/govid.go:23.34,23.52 1 2
github.com/mattevans/obscura/pii/govid.go:26.28,26.51 1 0
github.com/mattevans/obscura/pii/govid.go:29.50,34.2 4 2
github.com/mattevans/obscura/pii/govid.go:38.48,40.2 1 2
github.com/mattevans/obscura/pii/network.go:22.36,22.56 1 2
github.com/mattevans/obscura/pii/network.go:25.30,25.54 1 0
github.com/mattevans/obscura/pii/network.go:29.52,34.2 4 2
github.com/mattevans/obscura/pii/phone.go:23.34,23.52 1 2
github.com/mattevans/obscura/pii/phone.go:26.28,26.50 1 0
github.com/mattevans/obscura/pii/phone.go:30.50,32.34 2 2
github.com/mattevans/obscura/pii/phone.go:32.34,34.3 1 4
github.com/mattevans/obscura/pii/phone.go:35.2,35.16 1 2
github.com/mattevans/obscura/pii/pii.go:17.31,27.2 1 0
github.com/mattevans/obscura/pii/pii.go:31.113,33.20 2 25
github.com/mattevans/obscura/pii/pii.go:33.20,35.3 1 21
github.com/mattevans/obscura/pii/pii.go:36.2,37.27 2 4
github.com/mattevans/obscura/pii/pii.go:37.27,46.3 1 4
github.com/mattevans/obscura/pii/pii.go:47.2,47.12 1 4
github.com/mattevans/obscura/preset/preset.go:20.30,33.2 1 1
github.com/mattevans/obscura/preset/preset.go:38.31,47.2 1 1
github.com/mattevans/obscura/preset/preset.go:50.29,57.2 1 1
github.com/mattevans/obscura/secret/aho.go:18.55,24.37 2 1
github.com/mattevans/obscura/secret/aho.go:24.37,25.26 1 17
github.com/mattevans/obscura/secret/aho.go:25.26,27.4 1 39
github.com/mattevans/obscura/secret/aho.go:29.2,30.11 2 1
github.com/mattevans/obscura/secret/aho.go:34.60,37.33 3 1
github.com/mattevans/obscura/secret/aho.go:37.33,39.7 2 38
github.com/mattevans/obscura/secret/aho.go:39.7,40.40 1 52
github.com/mattevans/obscura/secret/aho.go:40.40,42.10 2 20
github.com/mattevans/obscura/secret/aho.go:44.4,44.18 1 32
github.com/mattevans/obscura/secret/aho.go:44.18,45.10 1 18
github.com/mattevans/obscura/secret/aho.go:47.4,47.26 1 14
github.com/mattevans/obscura/secret/aho.go:49.3,49.44 1 38
github.com/mattevans/obscura/secret/aho.go:49.44,51.4 1 2
github.com/mattevans/obscura/secret/aho.go:53.2,53.13 1 1
github.com/mattevans/obscura/secret/aho.go:57.55,59.31 2 39
github.com/mattevans/obscura/secret/aho.go:59.31,62.10 3 224
github.com/mattevans/obscura/secret/aho.go:62.10,68.4 5 170
github.com/mattevans/obscura/secret/aho.go:69.3,69.14 1 224
github.com/mattevans/obscura/secret/aho.go:71.2,71.54 1 39
github.com/mattevans/obscura/secret/aho.go:75.32,77.33 2 1
github.com/mattevans/obscura/secret/aho.go:77.33,80.3 2 11
github.com/mattevans/obscura/secret/aho.go:81.2,81.21 1 1
github.com/mattevans/obscura/secret/aho.go:81.21,84.38 3 170
github.com/mattevans/obscura/secret/aho.go:84.38,87.8 3 159
github.com/mattevans/obscura/secret/aho.go:87.8,88.35 1 232
github.com/mattevans/obscura/secret/aho.go:88.35,90.11 2 89
github.com/mattevans/obscura/secret/aho.go:92.5,92.15 1 143
github.com/mattevans/obscura/secret/aho.go:92.15,94.11 2 70
github.com/mattevans/obscura/secret/aho.go:96.5,96.19 1 73
github.com/mattevans/obscura/secret/aho.go:98.4,98.71 1 159
github.com/mattevans/obscura/secret/aho.go:104.29,106.19 2 39
github.com/mattevans/obscura/secret/aho.go:106.19,108.3 1 224
github.com/mattevans/obscura/secret/aho.go:109.2,109.18 1 39
github.com/mattevans/obscura/secret/aho.go:113.29,114.26 1 262
github.com/mattevans/obscura/secret/aho.go:114.26,116.3 1 66
github.com/mattevans/obscura/secret/aho.go:117.2,117.10 1 196
github.com/mattevans/obscura/secret/entropy.go:8.36,9.13 1 0
github.com/mattevans/obscura/secret/entropy.go:9.13,11.3 1 0
github.com/mattevans/obscura/secret/entropy.go:12.2,13.30 2 0
github.com/mattevans/obscura/secret/entropy.go:13.30,15.3 1 0
github.com/mattevans/obscura/secret/entropy.go:16.2,18.25 3 0
github.com/mattevans/obscura/secret/entropy.go:18.25,19.13 1 0
github.com/mattevans/obscura/secret/entropy.go:19.13,20.12 1 0
github.com/mattevans/obscura/secret/entropy.go:22.3,23.27 2 0
github.com/mattevans/obscura/secret/entropy.go:25.2,25.13 1 0
github.com/mattevans/obscura/secret/rules.go:115.29,116.29 1 1
github.com/mattevans/obscura/secret/rules.go:116.29,118.41 2 1
github.com/mattevans/obscura/secret/rules.go:118.41,120.4 1 17
github.com/mattevans/obscura/secret/rules.go:121.3,121.38 1 1
github.com/mattevans/obscura/secret/rules.go:123.2,123.21 1 1
github.com/mattevans/obscura/secret/rules.go:128.76,130.16 2 17
github.com/mattevans/obscura/secret/rules.go:130.16,131.13 1 0
github.com/mattevans/obscura/secret/rules.go:133.2,133.10 1 17
github.com/mattevans/obscura/secret/secret.go:47.84,49.16 2 17
github.com/mattevans/obscura/secret/secret.go:49.16,51.3 1 0
github.com/mattevans/obscura/secret/secret.go:52.2,52.72 1 17
github.com/mattevans/obscura/secret/secret.go:56.40,59.26 3 1
github.com/mattevans/obscura/secret/secret.go:59.26,61.27 2 17
github.com/mattevans/obscura/secret/secret.go:61.27,63.4 1 0
github.com/mattevans/obscura/secret/secret.go:65.2,69.3 1 1
github.com/mattevans/obscura/secret/secret.go:73.47,75.2 1 1
github.com/mattevans/obscura/secret/secret.go:78.34,78.53 1 0
github.com/mattevans/obscura/secret/secret.go:82.56,84.26 2 1
github.com/mattevans/obscura/secret/secret.go:84.26,86.3 1 0
github.com/mattevans/obscura/secret/secret.go:88.2,89.30 2 1
github.com/mattevans/obscura/secret/secret.go:89.30,91.65 2 2
github.com/mattevans/obscura/secret/secret.go:91.65,94.55 3 1
github.com/mattevans/obscura/secret/secret.go:94.55,95.13 1 0
github.com/mattevans/obscura/secret/secret.go:97.4,104.6 1 1
github.com/mattevans/obscura/secret/secret.go:107.2,107.16 1 1
github.com/mattevans/obscura/secret/secret.go:112.65,114.34 2 1
github.com/mattevans/obscura/secret/secret.go:114.34,116.3 1 0
github.com/mattevans/obscura/secret/secret.go:117.2,117.13 1 1
github.com/mattevans/obscura/secret/secret.go:122.39,123.34 1 1
github.com/mattevans/obscura/secret/secret.go:123.34,125.3 1 0
github.com/mattevans/obscura/secret/secret.go:126.2,126.23 1 1
github.com/mattevans/obscura/secret/secret.go:131.52,133.15 2 1
github.com/mattevans/obscura/secret/secret.go:133.15,134.55 1 0
github.com/mattevans/obscura/secret/secret.go:134.55,136.4 1 0
github.com/mattevans/obscura/secret/secret.go:138.2,138.18 1 1
github.com/mattevans/obscura/secret/secret.go:138.18,140.3 1 0
github.com/mattevans/obscura/secret/secret.go:141.2,141.14 1 1
github.com/mattevans/obscura/secret/tokenfilter/tokenfilter.go:43.34,49.27 2 1
github.com/mattevans/obscura/secret/tokenfilter/tokenfilter.go:49.27,51.3 1 0
github.com/mattevans/obscura/secret/tokenfilter/tokenfilter.go:52.2,52.10 1 1
github.com/mattevans/obscura/secret/tokenfilter/tokenfilter.go:57.50,58.25 1 0
github.com/mattevans/obscura/secret/tokenfilter/tokenfilter.go:58.25,58.46 1 0
github.com/mattevans/obscura/secret/tokenfilter/tokenfilter.go:63.31,64.25 1 0
github.com/mattevans/obscura/secret/tokenfilter/tokenfilter.go:64.25,64.41 1 0
github.com/mattevans/obscura/secret/tokenfilter/tokenfilter.go:68.32,68.68 1 0
github.com/mattevans/obscura/secret/tokenfilter/tokenfilter.go:72.82,73.61 1 2
github.com/mattevans/obscura/secret/tokenfilter/tokenfilter.go:73.61,75.3 1 1
github.com/mattevans/obscura/secret/tokenfilter/tokenfilter.go:76.2,77.12 2 1
github.com/mattevans/obscura/secret/tokenfilter/tokenfilter.go:77.12,79.3 1 0
github.com/mattevans/obscura/secret/tokenfilter/tokenfilter.go:80.2,81.20 2 1
github.com/mattevans/obscura/secret/tokenfilter/tokenfilter.go:81.20,83.3 1 0
github.com/mattevans/obscura/secret/tokenfilter/tokenfilter.go:85.2,86.30 2 1
github.com/mattevans/obscura/secret/tokenfilter/tokenfilter.go:90.33,91.11 1 1
github.com/mattevans/obscura/secret/tokenfilter/tokenfilter.go:91.11,93.3 1 0
github.com/mattevans/obscura/secret/tokenfilter/tokenfilter.go:94.2,94.11 1 1
github.com/mattevans/obscura/secret/tokenfilter/tokenfilter.go:94.11,96.3 1 0
github.com/mattevans/obscura/secret/tokenfilter/tokenfilter.go:97.2,97.10 1 1
github.com/mattevans/obscura/secret/tokenfilter/bpe/bpe.go:41.21,42.23 1 1
github.com/mattevans/obscura/secret/tokenfilter/bpe/bpe.go:42.23,44.17 2 1
github.com/mattevans/obscura/secret/tokenfilter/bpe/bpe.go:44.17,45.40 1 0
github.com/mattevans/obscura/secret/tokenfilter/bpe/bpe.go:47.3,47.15 1 1
github.com/mattevans/obscura/secret/tokenfilter/bpe/bpe.go:49.2,49.15 1 1
github.com/mattevans/obscura/secret/tokenfilter/bpe/bpe.go:53.45,54.13 1 1
github.com/mattevans/obscura/secret/tokenfilter/bpe/bpe.go:54.13,56.3 1 0
github.com/mattevans/obscura/secret/tokenfilter/bpe/bpe.go:59.2,60.30 2 1
github.com/mattevans/obscura/secret/tokenfilter/bpe/bpe.go:60.30,62.3 1 20
github.com/mattevans/obscura/secret/tokenfilter/bpe/bpe.go:65.2,65.24 1 1
github.com/mattevans/obscura/secret/tokenfilter/bpe/bpe.go:65.24,68.39 3 10
github.com/mattevans/obscura/secret/tokenfilter/bpe/bpe.go:68.39,69.76 1 145
github.com/mattevans/obscura/secret/tokenfilter/bpe/bpe.go:69.76,72.5 2 23
github.com/mattevans/obscura/secret/tokenfilter/bpe/bpe.go:74.3,74.17 1 10
github.com/mattevans/obscura/secret/tokenfilter/bpe/bpe.go:74.17,75.9 1 1
github.com/mattevans/obscura/secret/tokenfilter/bpe/bpe.go:77.3,78.62 2 9
github.com/mattevans/obscura/secret/tokenfilter/bpe/bpe.go:80.2,80.21 1 1
github.com/mattevans/obscura/secret/tokenfilter/bpe/bpe.go:84.31,86.16 2 1
github.com/mattevans/obscura/secret/tokenfilter/bpe/bpe.go:86.16,88.3 1 0
github.com/mattevans/obscura/secret/tokenfilter/bpe/bpe.go:89.2,95.16 6 1
github.com/mattevans/obscura/secret/tokenfilter/bpe/bpe.go:95.16,97.49 2 50001
github.com/mattevans/obscura/secret/tokenfilter/bpe/bpe.go:97.49,98.12 1 9
github.com/mattevans/obscura/secret/tokenfilter/bpe/bpe.go:100.3,101.10 2 49992
github.com/mattevans/obscura/secret/tokenfilter/bpe/bpe.go:101.10,102.12 1 0
github.com/mattevans/obscura/secret/tokenfilter/bpe/bpe.go:104.3,105.9 2 49992
github.com/mattevans/obscura/secret/tokenfilter/bpe/bpe.go:107.2,107.33 1 1
github.com/mattevans/obscura/secret/tokenfilter/bpe/bpe.go:107.33,109.3 1 0
github.com/mattevans/obscura/secret/tokenfilter/bpe/bpe.go:111.2,111.65 1 1
github.com/mattevans/obscura/secret/tokenfilter/bpe/bpe.go:116.32,122.28 4 1
github.com/mattevans/obscura/secret/tokenfilter/bpe/bpe.go:122.28,123.35 1 3
github.com/mattevans/obscura/secret/tokenfilter/bpe/bpe.go:123.35,126.4 2 188
github.com/mattevans/obscura/secret/tokenfilter/bpe/bpe.go:129.2,130.27 2 1
github.com/mattevans/obscura/secret/tokenfilter/bpe/bpe.go:130.27,131.18 1 256
github.com/mattevans/obscura/secret/tokenfilter/bpe/bpe.go:131.18,132.12 1 188
github.com/mattevans/obscura/secret/tokenfilter/bpe/bpe.go:134.3,135.6 2 68
github.com/mattevans/obscura/secret/tokenfilter/bpe/bpe.go:137.2,137.14 1 1
github.com/mattevans/obscura/transport/body.go:28.50,30.26 2 0
github.com/mattevans/obscura/transport/body.go:30.26,32.3 1 0
github.com/mattevans/obscura/transport/body.go:33.2,33.12 1 0
github.com/mattevans/obscura/transport/body.go:39.92,41.52 2 0
github.com/mattevans/obscura/transport/body.go:41.52,43.3 1 0
github.com/mattevans/obscura/transport/body.go:44.2,44.26 1 0
github.com/mattevans/obscura/transport/body.go:44.26,46.3 1 0
github.com/mattevans/obscura/transport/body.go:47.2,47.27 1 0
github.com/mattevans/obscura/transport/body.go:53.70,54.20 1 0
github.com/mattevans/obscura/transport/body.go:54.20,55.35 1 0
github.com/mattevans/obscura/transport/body.go:55.35,57.4 1 0
github.com/mattevans/obscura/transport/body.go:58.3,58.14 1 0
github.com/mattevans/obscura/transport/body.go:61.2,62.26 2 0
github.com/mattevans/obscura/transport/body.go:63.22,64.17 1 0
github.com/mattevans/obscura/transport/body.go:64.17,65.24 1 0
github.com/mattevans/obscura/transport/body.go:65.24,67.5 1 0
github.com/mattevans/obscura/transport/body.go:68.4,68.12 1 0
github.com/mattevans/obscura/transport/body.go:70.3,70.26 1 0
github.com/mattevans/obscura/transport/body.go:70.26,72.4 1 0
github.com/mattevans/obscura/transport/body.go:73.3,73.11 1 0
github.com/mattevans/obscura/transport/body.go:74.13,75.17 1 0
github.com/mattevans/obscura/transport/body.go:75.17,76.24 1 0
github.com/mattevans/obscura/transport/body.go:76.24,78.5 1 0
github.com/mattevans/obscura/transport/body.go:80.3,80.11 1 0
github.com/mattevans/obscura/transport/body.go:81.10,82.14 1 0
github.com/mattevans/obscura/transport/body.go:87.75,89.2 1 0
github.com/mattevans/obscura/transport/body.go:92.53,93.33 1 0
github.com/mattevans/obscura/transport/body.go:93.33,96.12 3 0
github.com/mattevans/obscura/transport/body.go:96.12,98.4 1 0
github.com/mattevans/obscura/transport/body.go:99.3,99.10 1 0
github.com/mattevans/obscura/transport/body.go:100.22,102.16 2 0
github.com/mattevans/obscura/transport/body.go:103.19,104.17 1 0
github.com/mattevans/obscura/transport/body.go:107.2,107.31 1 0
github.com/mattevans/obscura/transport/body.go:107.31,109.3 1 0
github.com/mattevans/obscura/transport/body.go:110.2,110.22 1 0
github.com/mattevans/obscura/transport/body.go:114.39,114.63 1 0
github.com/mattevans/obscura/transport/roundtripper.go:45.89,46.17 1 0
github.com/mattevans/obscura/transport/roundtripper.go:46.17,48.3 1 0
github.com/mattevans/obscura/transport/roundtripper.go:49.2,50.27 2 0
github.com/mattevans/obscura/transport/roundtripper.go:50.27,52.3 1 0
github.com/mattevans/obscura/transport/roundtripper.go:53.2,53.10 1 0
github.com/mattevans/obscura/transport/roundtripper.go:58.45,59.28 1 0
github.com/mattevans/obscura/transport/roundtripper.go:59.28,59.86 1 0
github.com/mattevans/obscura/transport/roundtripper.go:64.38,65.28 1 0
github.com/mattevans/obscura/transport/roundtripper.go:65.28,65.50 1 0
github.com/mattevans/obscura/transport/roundtripper.go:70.24,71.28 1 0
github.com/mattevans/obscura/transport/roundtripper.go:71.28,71.49 1 0
github.com/mattevans/obscura/transport/roundtripper.go:76.74,78.16 2 0
github.com/mattevans/obscura/transport/roundtripper.go:78.16,80.3 1 0
github.com/mattevans/obscura/transport/roundtripper.go:82.2,83.16 2 0
github.com/mattevans/obscura/transport/roundtripper.go:83.16,85.3 1 0
github.com/mattevans/obscura/transport/roundtripper.go:87.2,87.74 1 0
github.com/mattevans/obscura/transport/roundtripper.go:87.74,91.3 3 0
github.com/mattevans/obscura/transport/roundtripper.go:92.2,92.18 1 0
github.com/mattevans/obscura/transport/roundtripper.go:98.93,99.43 1 0
github.com/mattevans/obscura/transport/roundtripper.go:99.43,101.3 1 0
github.com/mattevans/obscura/transport/roundtripper.go:103.2,105.16 3 0
github.com/mattevans/obscura/transport/roundtripper.go:105.16,107.3 1 0
github.com/mattevans/obscura/transport/roundtripper.go:109.2,111.16 3 0
github.com/mattevans/obscura/transport/roundtripper.go:111.16,112.17 1 0
github.com/mattevans/obscura/transport/roundtripper.go:112.17,114.4 1 0
github.com/mattevans/obscura/transport/roundtripper.go:115.3,115.65 1 0
github.com/mattevans/obscura/transport/roundtripper.go:118.2,118.56 1 0
github.com/mattevans/obscura/transport/roundtripper.go:123.66,127.48 4 0
github.com/mattevans/obscura/transport/roundtripper.go:127.48,129.3 1 0
github.com/mattevans/obscura/transport/roundtripper.go:130.2,130.14 1 0
